<html>
<head>
<title>TestNG:  Default test</title>
<link href="../testng.css" rel="stylesheet" type="text/css" />
<link href="../my-testng.css" rel="stylesheet" type="text/css" />

<style type="text/css">
.log { display: none;} 
.stack-trace { display: none;} 
</style>
<script type="text/javascript">
<!--
function flip(e) {
  current = e.style.display;
  if (current == 'block') {
    e.style.display = 'none';
    return 0;
  }
  else {
    e.style.display = 'block';
    return 1;
  }
}

function toggleBox(szDivId, elem, msg1, msg2)
{
  var res = -1;  if (document.getElementById) {
    res = flip(document.getElementById(szDivId));
  }
  else if (document.all) {
    // this is the way old msie versions work
    res = flip(document.all[szDivId]);
  }
  if(elem) {
    if(res == 0) elem.innerHTML = msg1; else elem.innerHTML = msg2;
  }

}

function toggleAllBoxes() {
  if (document.getElementsByTagName) {
    d = document.getElementsByTagName('div');
    for (i = 0; i < d.length; i++) {
      if (d[i].className == 'log') {
        flip(d[i]);
      }
    }
  }
}

// -->
</script>

</head>
<body>
<h2 align='center'>Default test</h2><table border='1' align="center">
<tr>
<td>Tests passed/Failed/Skipped:</td><td>10/9/0</td>
</tr><tr>
<td>Started on:</td><td>Sun Sep 28 11:48:11 IST 2025</td>
</tr>
<tr><td>Total time:</td><td>3393 seconds (3393453 ms)</td>
</tr><tr>
<td>Included groups:</td><td></td>
</tr><tr>
<td>Excluded groups:</td><td></td>
</tr>
</table><p/>
<small><i>(Hover the method name to see the test class name)</i></small><p/>
<table width='100%' border='1' class='invocation-failed'>
<tr><td colspan='4' align='center'><b>FAILED TESTS</b></td></tr>
<tr><td><b>Test method</b></td>
<td><b>Attribute(s)</b></td>
<td width="30%"><b>Exception</b></td>
<td width="10%"><b>Time (seconds)</b></td>
<td><b>Instance</b></td>
</tr>
<tr>
<td title='com.Capium.TestRunFiles.BK_bank_Overview_runner.runScenario()'><b>runScenario</b><br>Test class: com.Capium.TestRunFiles.BK_bank_Overview_runner<br>Test method: Runs Cucumber Scenarios<br>Parameters: "verify the refund BK", "Bank tab BK"</td>
<td><div><pre>java.lang.AssertionError: Refund popup is not opened
	at org.testng.Assert.fail(Assert.java:111)
	at com.Capium.Actions.BK_bankTab_Overview_action.ClickonrefundoptioninactiondropdownBK(BK_bankTab_Overview_action.java:1242)
	at com.Capium.stepDefinations.BK_banktab_overview_stepdefinition.click_on_refund_option_in_action_dropdown_bk(BK_banktab_overview_stepdefinition.java:211)
	at ✽.Click on refund option in action dropdown BK(file:///C:/Users/user/Downloads/Bookkeeping_5.0%20(2)/Bookkeeping_5.0/Bookkeeping_5.0/src/test/resources/Feature_CapiumPurchase/BK_Bank_overview.feature:93)
</pre></div><a href='#' onClick='toggleBox("stack-trace1068912229", this, "Click to show all stack frames", "Click to hide stack frames")'>Click to show all stack frames</a>
<div class='stack-trace' id='stack-trace1068912229'><pre>java.lang.AssertionError: Refund popup is not opened
	at org.testng.Assert.fail(Assert.java:111)
	at com.Capium.Actions.BK_bankTab_Overview_action.ClickonrefundoptioninactiondropdownBK(BK_bankTab_Overview_action.java:1242)
	at com.Capium.stepDefinations.BK_banktab_overview_stepdefinition.click_on_refund_option_in_action_dropdown_bk(BK_banktab_overview_stepdefinition.java:211)
	at ✽.Click on refund option in action dropdown BK(file:///C:/Users/user/Downloads/Bookkeeping_5.0%20(2)/Bookkeeping_5.0/Bookkeeping_5.0/src/test/resources/Feature_CapiumPurchase/BK_Bank_overview.feature:93)
</pre></div></td>
<td>153</td>
<td>com.Capium.TestRunFiles.BK_bank_Overview_runner@445b295b</td></tr>
<tr>
<td title='com.Capium.TestRunFiles.BK_bank_Overview_runner.runScenario()'><b>runScenario</b><br>Test class: com.Capium.TestRunFiles.BK_bank_Overview_runner<br>Test method: Runs Cucumber Scenarios<br>Parameters: "Verify download and edit options in journal id in cash in hand BK", "Bank tab BK"</td>
<td><div><pre>java.lang.AssertionError: Edit Journal page not opened
	at org.testng.Assert.fail(Assert.java:111)
	at com.Capium.Actions.BK_bankTab_Overview_action.VerifydownloadandeditoptionsinjournalidincashinhandBK(BK_bankTab_Overview_action.java:1108)
	at com.Capium.stepDefinations.BK_banktab_overview_stepdefinition.verify_download_and_edit_options_in_journal_id_in_cash_in_hand_bk(BK_banktab_overview_stepdefinition.java:247)
	at ✽.Verify download and edit options in journal id in cash in hand BK(file:///C:/Users/user/Downloads/Bookkeeping_5.0%20(2)/Bookkeeping_5.0/Bookkeeping_5.0/src/test/resources/Feature_CapiumPurchase/BK_Bank_overview.feature:124)
</pre></div><a href='#' onClick='toggleBox("stack-trace764943227", this, "Click to show all stack frames", "Click to hide stack frames")'>Click to show all stack frames</a>
<div class='stack-trace' id='stack-trace764943227'><pre>java.lang.AssertionError: Edit Journal page not opened
	at org.testng.Assert.fail(Assert.java:111)
	at com.Capium.Actions.BK_bankTab_Overview_action.VerifydownloadandeditoptionsinjournalidincashinhandBK(BK_bankTab_Overview_action.java:1108)
	at com.Capium.stepDefinations.BK_banktab_overview_stepdefinition.verify_download_and_edit_options_in_journal_id_in_cash_in_hand_bk(BK_banktab_overview_stepdefinition.java:247)
	at ✽.Verify download and edit options in journal id in cash in hand BK(file:///C:/Users/user/Downloads/Bookkeeping_5.0%20(2)/Bookkeeping_5.0/Bookkeeping_5.0/src/test/resources/Feature_CapiumPurchase/BK_Bank_overview.feature:124)
</pre></div></td>
<td>197</td>
<td>com.Capium.TestRunFiles.BK_bank_Overview_runner@445b295b</td></tr>
<tr>
<td title='com.Capium.TestRunFiles.BK_bank_Overview_runner.runScenario()'><b>runScenario</b><br>Test class: com.Capium.TestRunFiles.BK_bank_Overview_runner<br>Test method: Runs Cucumber Scenarios<br>Parameters: "Verify search icon and cross mark and double arrows in edit bank page  BK", "Bank tab BK"</td>
<td><div><pre>java.lang.AssertionError: cross mark clicked. Actual: 
	at org.testng.Assert.fail(Assert.java:111)
	at com.Capium.Actions.BK_bankTab_Overview_action.VerifysearchiconandcrossmarkineditbankpageBK(BK_bankTab_Overview_action.java:220)
	at com.Capium.stepDefinations.BK_banktab_overview_stepdefinition.verify_search_icon_and_cross_mark_in_edit_journal_page_bk(BK_banktab_overview_stepdefinition.java:67)
	at ✽.Verify search icon and cross mark in edit bank page BK(file:///C:/Users/user/Downloads/Bookkeeping_5.0%20(2)/Bookkeeping_5.0/Bookkeeping_5.0/src/test/resources/Feature_CapiumPurchase/BK_Bank_overview.feature:29)
</pre></div><a href='#' onClick='toggleBox("stack-trace1729917416", this, "Click to show all stack frames", "Click to hide stack frames")'>Click to show all stack frames</a>
<div class='stack-trace' id='stack-trace1729917416'><pre>java.lang.AssertionError: cross mark clicked. Actual: 
	at org.testng.Assert.fail(Assert.java:111)
	at com.Capium.Actions.BK_bankTab_Overview_action.VerifysearchiconandcrossmarkineditbankpageBK(BK_bankTab_Overview_action.java:220)
	at com.Capium.stepDefinations.BK_banktab_overview_stepdefinition.verify_search_icon_and_cross_mark_in_edit_journal_page_bk(BK_banktab_overview_stepdefinition.java:67)
	at ✽.Verify search icon and cross mark in edit bank page BK(file:///C:/Users/user/Downloads/Bookkeeping_5.0%20(2)/Bookkeeping_5.0/Bookkeeping_5.0/src/test/resources/Feature_CapiumPurchase/BK_Bank_overview.feature:29)
</pre></div></td>
<td>159</td>
<td>com.Capium.TestRunFiles.BK_bank_Overview_runner@445b295b</td></tr>
<tr>
<td title='com.Capium.TestRunFiles.BK_bank_Overview_runner.runScenario()'><b>runScenario</b><br>Test class: com.Capium.TestRunFiles.BK_bank_Overview_runner<br>Test method: Runs Cucumber Scenarios<br>Parameters: "verify the refund for credit note BK", "Bank tab BK"</td>
<td><div><pre>java.lang.AssertionError: Refund popup is not opened
	at org.testng.Assert.fail(Assert.java:111)
	at com.Capium.Actions.BK_bankTab_Overview_action.ClickonrefundoptionforcreditnoteinactiondropdownBK(BK_bankTab_Overview_action.java:1290)
	at com.Capium.stepDefinations.BK_banktab_overview_stepdefinition.click_on_refund_option_for_credit_note_in_action_dropdown_bk(BK_banktab_overview_stepdefinition.java:283)
	at ✽.Click on refund option for credit note in action dropdown BK(file:///C:/Users/user/Downloads/Bookkeeping_5.0%20(2)/Bookkeeping_5.0/Bookkeeping_5.0/src/test/resources/Feature_CapiumPurchase/BK_Bank_overview.feature:99)
</pre></div><a href='#' onClick='toggleBox("stack-trace481356117", this, "Click to show all stack frames", "Click to hide stack frames")'>Click to show all stack frames</a>
<div class='stack-trace' id='stack-trace481356117'><pre>java.lang.AssertionError: Refund popup is not opened
	at org.testng.Assert.fail(Assert.java:111)
	at com.Capium.Actions.BK_bankTab_Overview_action.ClickonrefundoptionforcreditnoteinactiondropdownBK(BK_bankTab_Overview_action.java:1290)
	at com.Capium.stepDefinations.BK_banktab_overview_stepdefinition.click_on_refund_option_for_credit_note_in_action_dropdown_bk(BK_banktab_overview_stepdefinition.java:283)
	at ✽.Click on refund option for credit note in action dropdown BK(file:///C:/Users/user/Downloads/Bookkeeping_5.0%20(2)/Bookkeeping_5.0/Bookkeeping_5.0/src/test/resources/Feature_CapiumPurchase/BK_Bank_overview.feature:99)
</pre></div></td>
<td>148</td>
<td>com.Capium.TestRunFiles.BK_bank_Overview_runner@445b295b</td></tr>
<tr>
<td title='com.Capium.TestRunFiles.BK_bank_Overview_runner.runScenario()'><b>runScenario</b><br>Test class: com.Capium.TestRunFiles.BK_bank_Overview_runner<br>Test method: Runs Cucumber Scenarios<br>Parameters: "verify the bank transfer details through bank tranfer id in particular bank BK", "Bank tab BK"</td>
<td><div><pre>org.openqa.selenium.NoSuchElementException: no such element: Unable to locate element: {&quot;method&quot;:&quot;xpath&quot;,&quot;selector&quot;:&quot;//a[text()=&apos; BNK - 1 &apos;]&quot;}
  (Session info: chrome=140.0.7339.128)
For documentation on this error, please visit: https://www.selenium.dev/documentation/webdriver/troubleshooting/errors#no-such-element-exception
Build info: version: &apos;4.33.0&apos;, revision: &apos;2c6aaad03a&apos;
System info: os.name: &apos;Windows 11&apos;, os.arch: &apos;amd64&apos;, os.version: &apos;10.0&apos;, java.version: &apos;21.0.6&apos;
Driver info: org.openqa.selenium.chrome.ChromeDriver
Command: [bc49a352d5d10b55a00ce2ff2c39ab37, findElement {using=xpath, value=//a[text()=&apos; BNK - 1 &apos;]}]
Capabilities {acceptInsecureCerts: false, browserName: chrome, browserVersion: 140.0.7339.128, chrome: {chromedriverVersion: 140.0.7339.207 (17230b545fd..., userDataDir: C:\Users\user\AppData\Local...}, fedcm:accounts: true, goog:chromeOptions: {debuggerAddress: localhost:51385}, networkConnectionEnabled: false, pageLoadStrategy: normal, platformName: windows, proxy: Proxy(), se:cdp: ws://localhost:51385/devtoo..., se:cdpVersion: 140.0.7339.128, setWindowRect: true, strictFileInteractability: false, timeouts: {implicit: 0, pageLoad: 300000, script: 30000}, unhandledPromptBehavior: dismiss and notify, webauthn:extension:credBlob: true, webauthn:extension:largeBlob: true, webauthn:extension:minPinLength: true, webauthn:extension:prf: true, webauthn:virtualAuthenticators: true}
Session ID: bc49a352d5d10b55a00ce2ff2c39ab37
	at java.base/jdk.internal.reflect.DirectConstructorHandleAccessor.newInstance(DirectConstructorHandleAccessor.java:62)
	at java.base/java.lang.reflect.Constructor.newInstanceWithCaller(Constructor.java:502)
	at java.base/java.lang.reflect.Constructor.newInstance(Constructor.java:486)
	at org.openqa.selenium.remote.ErrorCodec.decode(ErrorCodec.java:167)
	at org.openqa.selenium.remote.codec.w3c.W3CHttpResponseCodec.decode(W3CHttpResponseCodec.java:138)
	at org.openqa.selenium.remote.codec.w3c.W3CHttpResponseCodec.decode(W3CHttpResponseCodec.java:50)
	at org.openqa.selenium.remote.HttpCommandExecutor.execute(HttpCommandExecutor.java:215)
	at org.openqa.selenium.remote.service.DriverCommandExecutor.invokeExecute(DriverCommandExecutor.java:216)
	at org.openqa.selenium.remote.service.DriverCommandExecutor.execute(DriverCommandExecutor.java:174)
	at org.openqa.selenium.remote.RemoteWebDriver.execute(RemoteWebDriver.java:544)
	at org.openqa.selenium.remote.ElementLocation$ElementFinder$2.findElement(ElementLocation.java:165)
	at org.openqa.selenium.remote.ElementLocation.findElement(ElementLocation.java:59)
	at org.openqa.selenium.remote.RemoteWebDriver.findElement(RemoteWebDriver.java:367)
	at org.openqa.selenium.remote.RemoteWebDriver.findElement(RemoteWebDriver.java:361)
	at com.Capium.Utilies.HelperClass.ClickUsingJS(HelperClass.java:356)
	at com.Capium.Actions.BK_bankTab_Overview_action.verifythebanktransferdetailsthroughbanktranferidinparticularbankBK(BK_bankTab_Overview_action.java:1132)
	at com.Capium.stepDefinations.BK_banktab_overview_stepdefinition.verify_the_bank_transfer_details_through_bank_tranfer_id_in_particular_bank_bk(BK_banktab_overview_stepdefinition.java:259)
	at ✽.verify the bank transfer details through bank tranfer id in particular bank BK(file:///C:/Users/user/Downloads/Bookkeeping_5.0%20(2)/Bookkeeping_5.0/Bookkeeping_5.0/src/test/resources/Feature_CapiumPurchase/BK_Bank_overview.feature:130)
</pre></div><a href='#' onClick='toggleBox("stack-trace543901628", this, "Click to show all stack frames", "Click to hide stack frames")'>Click to show all stack frames</a>
<div class='stack-trace' id='stack-trace543901628'><pre>org.openqa.selenium.NoSuchElementException: no such element: Unable to locate element: {&quot;method&quot;:&quot;xpath&quot;,&quot;selector&quot;:&quot;//a[text()=&apos; BNK - 1 &apos;]&quot;}
  (Session info: chrome=140.0.7339.128)
For documentation on this error, please visit: https://www.selenium.dev/documentation/webdriver/troubleshooting/errors#no-such-element-exception
Build info: version: &apos;4.33.0&apos;, revision: &apos;2c6aaad03a&apos;
System info: os.name: &apos;Windows 11&apos;, os.arch: &apos;amd64&apos;, os.version: &apos;10.0&apos;, java.version: &apos;21.0.6&apos;
Driver info: org.openqa.selenium.chrome.ChromeDriver
Command: [bc49a352d5d10b55a00ce2ff2c39ab37, findElement {using=xpath, value=//a[text()=&apos; BNK - 1 &apos;]}]
Capabilities {acceptInsecureCerts: false, browserName: chrome, browserVersion: 140.0.7339.128, chrome: {chromedriverVersion: 140.0.7339.207 (17230b545fd..., userDataDir: C:\Users\user\AppData\Local...}, fedcm:accounts: true, goog:chromeOptions: {debuggerAddress: localhost:51385}, networkConnectionEnabled: false, pageLoadStrategy: normal, platformName: windows, proxy: Proxy(), se:cdp: ws://localhost:51385/devtoo..., se:cdpVersion: 140.0.7339.128, setWindowRect: true, strictFileInteractability: false, timeouts: {implicit: 0, pageLoad: 300000, script: 30000}, unhandledPromptBehavior: dismiss and notify, webauthn:extension:credBlob: true, webauthn:extension:largeBlob: true, webauthn:extension:minPinLength: true, webauthn:extension:prf: true, webauthn:virtualAuthenticators: true}
Session ID: bc49a352d5d10b55a00ce2ff2c39ab37
	at java.base/jdk.internal.reflect.DirectConstructorHandleAccessor.newInstance(DirectConstructorHandleAccessor.java:62)
	at java.base/java.lang.reflect.Constructor.newInstanceWithCaller(Constructor.java:502)
	at java.base/java.lang.reflect.Constructor.newInstance(Constructor.java:486)
	at org.openqa.selenium.remote.ErrorCodec.decode(ErrorCodec.java:167)
	at org.openqa.selenium.remote.codec.w3c.W3CHttpResponseCodec.decode(W3CHttpResponseCodec.java:138)
	at org.openqa.selenium.remote.codec.w3c.W3CHttpResponseCodec.decode(W3CHttpResponseCodec.java:50)
	at org.openqa.selenium.remote.HttpCommandExecutor.execute(HttpCommandExecutor.java:215)
	at org.openqa.selenium.remote.service.DriverCommandExecutor.invokeExecute(DriverCommandExecutor.java:216)
	at org.openqa.selenium.remote.service.DriverCommandExecutor.execute(DriverCommandExecutor.java:174)
	at org.openqa.selenium.remote.RemoteWebDriver.execute(RemoteWebDriver.java:544)
	at org.openqa.selenium.remote.ElementLocation$ElementFinder$2.findElement(ElementLocation.java:165)
	at org.openqa.selenium.remote.ElementLocation.findElement(ElementLocation.java:59)
	at org.openqa.selenium.remote.RemoteWebDriver.findElement(RemoteWebDriver.java:367)
	at org.openqa.selenium.remote.RemoteWebDriver.findElement(RemoteWebDriver.java:361)
	at com.Capium.Utilies.HelperClass.ClickUsingJS(HelperClass.java:356)
	at com.Capium.Actions.BK_bankTab_Overview_action.verifythebanktransferdetailsthroughbanktranferidinparticularbankBK(BK_bankTab_Overview_action.java:1132)
	at com.Capium.stepDefinations.BK_banktab_overview_stepdefinition.verify_the_bank_transfer_details_through_bank_tranfer_id_in_particular_bank_bk(BK_banktab_overview_stepdefinition.java:259)
	at ✽.verify the bank transfer details through bank tranfer id in particular bank BK(file:///C:/Users/user/Downloads/Bookkeeping_5.0%20(2)/Bookkeeping_5.0/Bookkeeping_5.0/src/test/resources/Feature_CapiumPurchase/BK_Bank_overview.feature:130)
</pre></div></td>
<td>135</td>
<td>com.Capium.TestRunFiles.BK_bank_Overview_runner@445b295b</td></tr>
<tr>
<td title='com.Capium.TestRunFiles.BK_bank_Overview_runner.runScenario()'><b>runScenario</b><br>Test class: com.Capium.TestRunFiles.BK_bank_Overview_runner<br>Test method: Runs Cucumber Scenarios<br>Parameters: "verify added and edited bank BK", "Bank tab BK"</td>
<td><div><pre>java.lang.AssertionError: add bank popup not  opened
	at org.testng.Assert.fail(Assert.java:111)
	at com.Capium.Actions.BK_bankTab_Overview_action.verifyaddedbankBK(BK_bankTab_Overview_action.java:112)
	at com.Capium.stepDefinations.BK_banktab_overview_stepdefinition.verify_added_bank_bk(BK_banktab_overview_stepdefinition.java:36)
	at ✽.verify added bank BK(file:///C:/Users/user/Downloads/Bookkeeping_5.0%20(2)/Bookkeeping_5.0/Bookkeeping_5.0/src/test/resources/Feature_CapiumPurchase/BK_Bank_overview.feature:16)
</pre></div><a href='#' onClick='toggleBox("stack-trace1358150250", this, "Click to show all stack frames", "Click to hide stack frames")'>Click to show all stack frames</a>
<div class='stack-trace' id='stack-trace1358150250'><pre>java.lang.AssertionError: add bank popup not  opened
	at org.testng.Assert.fail(Assert.java:111)
	at com.Capium.Actions.BK_bankTab_Overview_action.verifyaddedbankBK(BK_bankTab_Overview_action.java:112)
	at com.Capium.stepDefinations.BK_banktab_overview_stepdefinition.verify_added_bank_bk(BK_banktab_overview_stepdefinition.java:36)
	at ✽.verify added bank BK(file:///C:/Users/user/Downloads/Bookkeeping_5.0%20(2)/Bookkeeping_5.0/Bookkeeping_5.0/src/test/resources/Feature_CapiumPurchase/BK_Bank_overview.feature:16)
</pre></div></td>
<td>205</td>
<td>com.Capium.TestRunFiles.BK_bank_Overview_runner@445b295b</td></tr>
<tr>
<td title='com.Capium.TestRunFiles.BK_bank_Overview_runner.runScenario()'><b>runScenario</b><br>Test class: com.Capium.TestRunFiles.BK_bank_Overview_runner<br>Test method: Runs Cucumber Scenarios<br>Parameters: "Click on double arrows in edit bank page and verify the detail boxes are opening or closing BK", "Bank tab BK"</td>
<td><div><pre>org.openqa.selenium.NoSuchElementException: no such element: Unable to locate element: {&quot;method&quot;:&quot;xpath&quot;,&quot;selector&quot;:&quot;//mat-icon[normalize-space()=&apos;keyboard_double_arrow_up&apos;]&quot;}
  (Session info: chrome=140.0.7339.128)
For documentation on this error, please visit: https://www.selenium.dev/documentation/webdriver/troubleshooting/errors#no-such-element-exception
Build info: version: &apos;4.33.0&apos;, revision: &apos;2c6aaad03a&apos;
System info: os.name: &apos;Windows 11&apos;, os.arch: &apos;amd64&apos;, os.version: &apos;10.0&apos;, java.version: &apos;21.0.6&apos;
Driver info: org.openqa.selenium.chrome.ChromeDriver
Command: [c7f85e382bb114e16ada6125526c1e2d, findElement {using=xpath, value=//mat-icon[normalize-space()=&apos;keyboard_double_arrow_up&apos;]}]
Capabilities {acceptInsecureCerts: false, browserName: chrome, browserVersion: 140.0.7339.128, chrome: {chromedriverVersion: 140.0.7339.207 (17230b545fd..., userDataDir: C:\Users\user\AppData\Local...}, fedcm:accounts: true, goog:chromeOptions: {debuggerAddress: localhost:63469}, networkConnectionEnabled: false, pageLoadStrategy: normal, platformName: windows, proxy: Proxy(), se:cdp: ws://localhost:63469/devtoo..., se:cdpVersion: 140.0.7339.128, setWindowRect: true, strictFileInteractability: false, timeouts: {implicit: 0, pageLoad: 300000, script: 30000}, unhandledPromptBehavior: dismiss and notify, webauthn:extension:credBlob: true, webauthn:extension:largeBlob: true, webauthn:extension:minPinLength: true, webauthn:extension:prf: true, webauthn:virtualAuthenticators: true}
Session ID: c7f85e382bb114e16ada6125526c1e2d
	at java.base/jdk.internal.reflect.DirectConstructorHandleAccessor.newInstance(DirectConstructorHandleAccessor.java:62)
	at java.base/java.lang.reflect.Constructor.newInstanceWithCaller(Constructor.java:502)
	at java.base/java.lang.reflect.Constructor.newInstance(Constructor.java:486)
	at org.openqa.selenium.remote.ErrorCodec.decode(ErrorCodec.java:167)
	at org.openqa.selenium.remote.codec.w3c.W3CHttpResponseCodec.decode(W3CHttpResponseCodec.java:138)
	at org.openqa.selenium.remote.codec.w3c.W3CHttpResponseCodec.decode(W3CHttpResponseCodec.java:50)
	at org.openqa.selenium.remote.HttpCommandExecutor.execute(HttpCommandExecutor.java:215)
	at org.openqa.selenium.remote.service.DriverCommandExecutor.invokeExecute(DriverCommandExecutor.java:216)
	at org.openqa.selenium.remote.service.DriverCommandExecutor.execute(DriverCommandExecutor.java:174)
	at org.openqa.selenium.remote.RemoteWebDriver.execute(RemoteWebDriver.java:544)
	at org.openqa.selenium.remote.ElementLocation$ElementFinder$2.findElement(ElementLocation.java:165)
	at org.openqa.selenium.remote.ElementLocation.findElement(ElementLocation.java:59)
	at org.openqa.selenium.remote.RemoteWebDriver.findElement(RemoteWebDriver.java:367)
	at org.openqa.selenium.remote.RemoteWebDriver.findElement(RemoteWebDriver.java:361)
	at org.openqa.selenium.support.pagefactory.DefaultElementLocator.findElement(DefaultElementLocator.java:68)
	at org.openqa.selenium.support.pagefactory.internal.LocatingElementHandler.invoke(LocatingElementHandler.java:38)
	at jdk.proxy2/jdk.proxy2.$Proxy33.getWrappedElement(Unknown Source)
	at org.openqa.selenium.remote.WebElementToJsonConverter.apply(WebElementToJsonConverter.java:48)
	at java.base/java.util.stream.ReferencePipeline$3$1.accept(ReferencePipeline.java:197)
	at java.base/java.util.Spliterators$ArraySpliterator.forEachRemaining(Spliterators.java:1024)
	at java.base/java.util.stream.AbstractPipeline.copyInto(AbstractPipeline.java:509)
	at java.base/java.util.stream.AbstractPipeline.wrapAndCopyInto(AbstractPipeline.java:499)
	at java.base/java.util.stream.ReduceOps$ReduceOp.evaluateSequential(ReduceOps.java:921)
	at java.base/java.util.stream.AbstractPipeline.evaluate(AbstractPipeline.java:234)
	at java.base/java.util.stream.ReferencePipeline.collect(ReferencePipeline.java:682)
	at org.openqa.selenium.remote.RemoteWebDriver.executeScript(RemoteWebDriver.java:473)
	at com.Capium.Utilies.HelperClass.ClickUsingJS(HelperClass.java:352)
	at com.Capium.Actions.BK_bankTab_Overview_action.ClickondoublearrowsineditbankpageandverifythedetailboxesareopeningorclosingBK(BK_bankTab_Overview_action.java:230)
	at com.Capium.stepDefinations.BK_banktab_overview_stepdefinition.click_on_double_arrows_in_edit_journal_page_and_verify_the_detail_boxes_are_opening_or_closing_bk(BK_banktab_overview_stepdefinition.java:73)
	at ✽.Click on double arrows in edit bank page and verify the detail boxes are opening or closing BK(file:///C:/Users/user/Downloads/Bookkeeping_5.0%20(2)/Bookkeeping_5.0/Bookkeeping_5.0/src/test/resources/Feature_CapiumPurchase/BK_Bank_overview.feature:35)
</pre></div><a href='#' onClick='toggleBox("stack-trace1071199024", this, "Click to show all stack frames", "Click to hide stack frames")'>Click to show all stack frames</a>
<div class='stack-trace' id='stack-trace1071199024'><pre>org.openqa.selenium.NoSuchElementException: no such element: Unable to locate element: {&quot;method&quot;:&quot;xpath&quot;,&quot;selector&quot;:&quot;//mat-icon[normalize-space()=&apos;keyboard_double_arrow_up&apos;]&quot;}
  (Session info: chrome=140.0.7339.128)
For documentation on this error, please visit: https://www.selenium.dev/documentation/webdriver/troubleshooting/errors#no-such-element-exception
Build info: version: &apos;4.33.0&apos;, revision: &apos;2c6aaad03a&apos;
System info: os.name: &apos;Windows 11&apos;, os.arch: &apos;amd64&apos;, os.version: &apos;10.0&apos;, java.version: &apos;21.0.6&apos;
Driver info: org.openqa.selenium.chrome.ChromeDriver
Command: [c7f85e382bb114e16ada6125526c1e2d, findElement {using=xpath, value=//mat-icon[normalize-space()=&apos;keyboard_double_arrow_up&apos;]}]
Capabilities {acceptInsecureCerts: false, browserName: chrome, browserVersion: 140.0.7339.128, chrome: {chromedriverVersion: 140.0.7339.207 (17230b545fd..., userDataDir: C:\Users\user\AppData\Local...}, fedcm:accounts: true, goog:chromeOptions: {debuggerAddress: localhost:63469}, networkConnectionEnabled: false, pageLoadStrategy: normal, platformName: windows, proxy: Proxy(), se:cdp: ws://localhost:63469/devtoo..., se:cdpVersion: 140.0.7339.128, setWindowRect: true, strictFileInteractability: false, timeouts: {implicit: 0, pageLoad: 300000, script: 30000}, unhandledPromptBehavior: dismiss and notify, webauthn:extension:credBlob: true, webauthn:extension:largeBlob: true, webauthn:extension:minPinLength: true, webauthn:extension:prf: true, webauthn:virtualAuthenticators: true}
Session ID: c7f85e382bb114e16ada6125526c1e2d
	at java.base/jdk.internal.reflect.DirectConstructorHandleAccessor.newInstance(DirectConstructorHandleAccessor.java:62)
	at java.base/java.lang.reflect.Constructor.newInstanceWithCaller(Constructor.java:502)
	at java.base/java.lang.reflect.Constructor.newInstance(Constructor.java:486)
	at org.openqa.selenium.remote.ErrorCodec.decode(ErrorCodec.java:167)
	at org.openqa.selenium.remote.codec.w3c.W3CHttpResponseCodec.decode(W3CHttpResponseCodec.java:138)
	at org.openqa.selenium.remote.codec.w3c.W3CHttpResponseCodec.decode(W3CHttpResponseCodec.java:50)
	at org.openqa.selenium.remote.HttpCommandExecutor.execute(HttpCommandExecutor.java:215)
	at org.openqa.selenium.remote.service.DriverCommandExecutor.invokeExecute(DriverCommandExecutor.java:216)
	at org.openqa.selenium.remote.service.DriverCommandExecutor.execute(DriverCommandExecutor.java:174)
	at org.openqa.selenium.remote.RemoteWebDriver.execute(RemoteWebDriver.java:544)
	at org.openqa.selenium.remote.ElementLocation$ElementFinder$2.findElement(ElementLocation.java:165)
	at org.openqa.selenium.remote.ElementLocation.findElement(ElementLocation.java:59)
	at org.openqa.selenium.remote.RemoteWebDriver.findElement(RemoteWebDriver.java:367)
	at org.openqa.selenium.remote.RemoteWebDriver.findElement(RemoteWebDriver.java:361)
	at org.openqa.selenium.support.pagefactory.DefaultElementLocator.findElement(DefaultElementLocator.java:68)
	at org.openqa.selenium.support.pagefactory.internal.LocatingElementHandler.invoke(LocatingElementHandler.java:38)
	at jdk.proxy2/jdk.proxy2.$Proxy33.getWrappedElement(Unknown Source)
	at org.openqa.selenium.remote.WebElementToJsonConverter.apply(WebElementToJsonConverter.java:48)
	at java.base/java.util.stream.ReferencePipeline$3$1.accept(ReferencePipeline.java:197)
	at java.base/java.util.Spliterators$ArraySpliterator.forEachRemaining(Spliterators.java:1024)
	at java.base/java.util.stream.AbstractPipeline.copyInto(AbstractPipeline.java:509)
	at java.base/java.util.stream.AbstractPipeline.wrapAndCopyInto(AbstractPipeline.java:499)
	at java.base/java.util.stream.ReduceOps$ReduceOp.evaluateSequential(ReduceOps.java:921)
	at java.base/java.util.stream.AbstractPipeline.evaluate(AbstractPipeline.java:234)
	at java.base/java.util.stream.ReferencePipeline.collect(ReferencePipeline.java:682)
	at org.openqa.selenium.remote.RemoteWebDriver.executeScript(RemoteWebDriver.java:473)
	at com.Capium.Utilies.HelperClass.ClickUsingJS(HelperClass.java:352)
	at com.Capium.Actions.BK_bankTab_Overview_action.ClickondoublearrowsineditbankpageandverifythedetailboxesareopeningorclosingBK(BK_bankTab_Overview_action.java:230)
	at com.Capium.stepDefinations.BK_banktab_overview_stepdefinition.click_on_double_arrows_in_edit_journal_page_and_verify_the_detail_boxes_are_opening_or_closing_bk(BK_banktab_overview_stepdefinition.java:73)
	at ✽.Click on double arrows in edit bank page and verify the detail boxes are opening or closing BK(file:///C:/Users/user/Downloads/Bookkeeping_5.0%20(2)/Bookkeeping_5.0/Bookkeeping_5.0/src/test/resources/Feature_CapiumPurchase/BK_Bank_overview.feature:35)
</pre></div></td>
<td>137</td>
<td>com.Capium.TestRunFiles.BK_bank_Overview_runner@445b295b</td></tr>
<tr>
<td title='com.Capium.TestRunFiles.BK_bank_Overview_runner.runScenario()'><b>runScenario</b><br>Test class: com.Capium.TestRunFiles.BK_bank_Overview_runner<br>Test method: Runs Cucumber Scenarios<br>Parameters: "verify manual imported transaction BK", "Bank tab BK"</td>
<td><div><pre>org.openqa.selenium.StaleElementReferenceException: stale element reference: stale element not found in the current frame
  (Session info: chrome=140.0.7339.128)
For documentation on this error, please visit: https://www.selenium.dev/documentation/webdriver/troubleshooting/errors#stale-element-reference-exception
Build info: version: &apos;4.33.0&apos;, revision: &apos;2c6aaad03a&apos;
System info: os.name: &apos;Windows 11&apos;, os.arch: &apos;amd64&apos;, os.version: &apos;10.0&apos;, java.version: &apos;21.0.6&apos;
Driver info: org.openqa.selenium.chrome.ChromeDriver
Command: [55df2ef1d37180919f958a8523f639b0, executeScript {args=[{element-6066-11e4-a52e-4f735466cecf=f.BB0A4914624BE77CB249017F16BE7739.d.11EDE7CA4BA580AE47C0D72BECAA608B.e.250}], script=arguments[0].click();}]
Capabilities {acceptInsecureCerts: false, browserName: chrome, browserVersion: 140.0.7339.128, chrome: {chromedriverVersion: 140.0.7339.207 (17230b545fd..., userDataDir: C:\Users\user\AppData\Local...}, fedcm:accounts: true, goog:chromeOptions: {debuggerAddress: localhost:63985}, networkConnectionEnabled: false, pageLoadStrategy: normal, platformName: windows, proxy: Proxy(), se:cdp: ws://localhost:63985/devtoo..., se:cdpVersion: 140.0.7339.128, setWindowRect: true, strictFileInteractability: false, timeouts: {implicit: 0, pageLoad: 300000, script: 30000}, unhandledPromptBehavior: dismiss and notify, webauthn:extension:credBlob: true, webauthn:extension:largeBlob: true, webauthn:extension:minPinLength: true, webauthn:extension:prf: true, webauthn:virtualAuthenticators: true}
Session ID: 55df2ef1d37180919f958a8523f639b0
	at java.base/jdk.internal.reflect.DirectConstructorHandleAccessor.newInstance(DirectConstructorHandleAccessor.java:62)
	at java.base/java.lang.reflect.Constructor.newInstanceWithCaller(Constructor.java:502)
	at java.base/java.lang.reflect.Constructor.newInstance(Constructor.java:486)
	at org.openqa.selenium.remote.ErrorCodec.decode(ErrorCodec.java:167)
	at org.openqa.selenium.remote.codec.w3c.W3CHttpResponseCodec.decode(W3CHttpResponseCodec.java:138)
	at org.openqa.selenium.remote.codec.w3c.W3CHttpResponseCodec.decode(W3CHttpResponseCodec.java:50)
	at org.openqa.selenium.remote.HttpCommandExecutor.execute(HttpCommandExecutor.java:215)
	at org.openqa.selenium.remote.service.DriverCommandExecutor.invokeExecute(DriverCommandExecutor.java:216)
	at org.openqa.selenium.remote.service.DriverCommandExecutor.execute(DriverCommandExecutor.java:174)
	at org.openqa.selenium.remote.RemoteWebDriver.execute(RemoteWebDriver.java:544)
	at org.openqa.selenium.remote.RemoteWebDriver.executeScript(RemoteWebDriver.java:475)
	at com.Capium.Utilies.HelperClass.ClickUsingJS(HelperClass.java:352)
	at com.Capium.Actions.BK_bankTab_Overview_action.importthetransactionsBK(BK_bankTab_Overview_action.java:335)
	at com.Capium.stepDefinations.BK_banktab_overview_stepdefinition.import_the_transactions_bk(BK_banktab_overview_stepdefinition.java:91)
	at ✽.import the transactions BK(file:///C:/Users/user/Downloads/Bookkeeping_5.0%20(2)/Bookkeeping_5.0/Bookkeeping_5.0/src/test/resources/Feature_CapiumPurchase/BK_Bank_overview.feature:48)
</pre></div><a href='#' onClick='toggleBox("stack-trace1993413272", this, "Click to show all stack frames", "Click to hide stack frames")'>Click to show all stack frames</a>
<div class='stack-trace' id='stack-trace1993413272'><pre>org.openqa.selenium.StaleElementReferenceException: stale element reference: stale element not found in the current frame
  (Session info: chrome=140.0.7339.128)
For documentation on this error, please visit: https://www.selenium.dev/documentation/webdriver/troubleshooting/errors#stale-element-reference-exception
Build info: version: &apos;4.33.0&apos;, revision: &apos;2c6aaad03a&apos;
System info: os.name: &apos;Windows 11&apos;, os.arch: &apos;amd64&apos;, os.version: &apos;10.0&apos;, java.version: &apos;21.0.6&apos;
Driver info: org.openqa.selenium.chrome.ChromeDriver
Command: [55df2ef1d37180919f958a8523f639b0, executeScript {args=[{element-6066-11e4-a52e-4f735466cecf=f.BB0A4914624BE77CB249017F16BE7739.d.11EDE7CA4BA580AE47C0D72BECAA608B.e.250}], script=arguments[0].click();}]
Capabilities {acceptInsecureCerts: false, browserName: chrome, browserVersion: 140.0.7339.128, chrome: {chromedriverVersion: 140.0.7339.207 (17230b545fd..., userDataDir: C:\Users\user\AppData\Local...}, fedcm:accounts: true, goog:chromeOptions: {debuggerAddress: localhost:63985}, networkConnectionEnabled: false, pageLoadStrategy: normal, platformName: windows, proxy: Proxy(), se:cdp: ws://localhost:63985/devtoo..., se:cdpVersion: 140.0.7339.128, setWindowRect: true, strictFileInteractability: false, timeouts: {implicit: 0, pageLoad: 300000, script: 30000}, unhandledPromptBehavior: dismiss and notify, webauthn:extension:credBlob: true, webauthn:extension:largeBlob: true, webauthn:extension:minPinLength: true, webauthn:extension:prf: true, webauthn:virtualAuthenticators: true}
Session ID: 55df2ef1d37180919f958a8523f639b0
	at java.base/jdk.internal.reflect.DirectConstructorHandleAccessor.newInstance(DirectConstructorHandleAccessor.java:62)
	at java.base/java.lang.reflect.Constructor.newInstanceWithCaller(Constructor.java:502)
	at java.base/java.lang.reflect.Constructor.newInstance(Constructor.java:486)
	at org.openqa.selenium.remote.ErrorCodec.decode(ErrorCodec.java:167)
	at org.openqa.selenium.remote.codec.w3c.W3CHttpResponseCodec.decode(W3CHttpResponseCodec.java:138)
	at org.openqa.selenium.remote.codec.w3c.W3CHttpResponseCodec.decode(W3CHttpResponseCodec.java:50)
	at org.openqa.selenium.remote.HttpCommandExecutor.execute(HttpCommandExecutor.java:215)
	at org.openqa.selenium.remote.service.DriverCommandExecutor.invokeExecute(DriverCommandExecutor.java:216)
	at org.openqa.selenium.remote.service.DriverCommandExecutor.execute(DriverCommandExecutor.java:174)
	at org.openqa.selenium.remote.RemoteWebDriver.execute(RemoteWebDriver.java:544)
	at org.openqa.selenium.remote.RemoteWebDriver.executeScript(RemoteWebDriver.java:475)
	at com.Capium.Utilies.HelperClass.ClickUsingJS(HelperClass.java:352)
	at com.Capium.Actions.BK_bankTab_Overview_action.importthetransactionsBK(BK_bankTab_Overview_action.java:335)
	at com.Capium.stepDefinations.BK_banktab_overview_stepdefinition.import_the_transactions_bk(BK_banktab_overview_stepdefinition.java:91)
	at ✽.import the transactions BK(file:///C:/Users/user/Downloads/Bookkeeping_5.0%20(2)/Bookkeeping_5.0/Bookkeeping_5.0/src/test/resources/Feature_CapiumPurchase/BK_Bank_overview.feature:48)
</pre></div></td>
<td>188</td>
<td>com.Capium.TestRunFiles.BK_bank_Overview_runner@445b295b</td></tr>
<tr>
<td title='com.Capium.TestRunFiles.BK_bank_Overview_runner.runScenario()'><b>runScenario</b><br>Test class: com.Capium.TestRunFiles.BK_bank_Overview_runner<br>Test method: Runs Cucumber Scenarios<br>Parameters: "verify the payment for payments BK", "Bank tab BK"</td>
<td><div><pre>java.lang.AssertionError: Create payment page is not navigated
	at org.testng.Assert.fail(Assert.java:111)
	at com.Capium.Actions.BK_bankTab_Overview_action.verifythepaymentforpaymentsBK(BK_bankTab_Overview_action.java:549)
	at com.Capium.stepDefinations.BK_banktab_overview_stepdefinition.verify_the_payment_for_payments_bk(BK_banktab_overview_stepdefinition.java:169)
	at ✽.verify the payment for payments BK(file:///C:/Users/user/Downloads/Bookkeeping_5.0%20(2)/Bookkeeping_5.0/Bookkeeping_5.0/src/test/resources/Feature_CapiumPurchase/BK_Bank_overview.feature:65)
</pre></div><a href='#' onClick='toggleBox("stack-trace2128323953", this, "Click to show all stack frames", "Click to hide stack frames")'>Click to show all stack frames</a>
<div class='stack-trace' id='stack-trace2128323953'><pre>java.lang.AssertionError: Create payment page is not navigated
	at org.testng.Assert.fail(Assert.java:111)
	at com.Capium.Actions.BK_bankTab_Overview_action.verifythepaymentforpaymentsBK(BK_bankTab_Overview_action.java:549)
	at com.Capium.stepDefinations.BK_banktab_overview_stepdefinition.verify_the_payment_for_payments_bk(BK_banktab_overview_stepdefinition.java:169)
	at ✽.verify the payment for payments BK(file:///C:/Users/user/Downloads/Bookkeeping_5.0%20(2)/Bookkeeping_5.0/Bookkeeping_5.0/src/test/resources/Feature_CapiumPurchase/BK_Bank_overview.feature:65)
</pre></div></td>
<td>187</td>
<td>com.Capium.TestRunFiles.BK_bank_Overview_runner@445b295b</td></tr>
</table><p>
<table width='100%' border='1' class='invocation-passed'>
<tr><td colspan='4' align='center'><b>PASSED TESTS</b></td></tr>
<tr><td><b>Test method</b></td>
<td><b>Attribute(s)</b></td>
<td width="30%"><b>Exception</b></td>
<td width="10%"><b>Time (seconds)</b></td>
<td><b>Instance</b></td>
</tr>
<tr>
<td title='com.Capium.TestRunFiles.BK_bank_Overview_runner.runScenario()'><b>runScenario</b><br>Test class: com.Capium.TestRunFiles.BK_bank_Overview_runner<br>Test method: Runs Cucumber Scenarios<br>Parameters: "Click on plus symbol in bank main menu and enabled options in edit page BK", "Bank tab BK"</td>
<td></td>
<td>192</td>
<td>com.Capium.TestRunFiles.BK_bank_Overview_runner@445b295b</td></tr>
<tr>
<td title='com.Capium.TestRunFiles.BK_bank_Overview_runner.runScenario()'><b>runScenario</b><br>Test class: com.Capium.TestRunFiles.BK_bank_Overview_runner<br>Test method: Runs Cucumber Scenarios<br>Parameters: "verify the invoice for receipts BK", "Bank tab BK"</td>
<td></td>
<td>182</td>
<td>com.Capium.TestRunFiles.BK_bank_Overview_runner@445b295b</td></tr>
<tr>
<td title='com.Capium.TestRunFiles.BK_bank_Overview_runner.runScenario()'><b>runScenario</b><br>Test class: com.Capium.TestRunFiles.BK_bank_Overview_runner<br>Test method: Runs Cucumber Scenarios<br>Parameters: "verify the receipts for receipts BK", "Bank tab BK"</td>
<td></td>
<td>171</td>
<td>com.Capium.TestRunFiles.BK_bank_Overview_runner@445b295b</td></tr>
<tr>
<td title='com.Capium.TestRunFiles.BK_bank_Overview_runner.runScenario()'><b>runScenario</b><br>Test class: com.Capium.TestRunFiles.BK_bank_Overview_runner<br>Test method: Runs Cucumber Scenarios<br>Parameters: "verify the multiple transaction for journal BK", "Bank tab BK"</td>
<td></td>
<td>212</td>
<td>com.Capium.TestRunFiles.BK_bank_Overview_runner@445b295b</td></tr>
<tr>
<td title='com.Capium.TestRunFiles.BK_bank_Overview_runner.runScenario()'><b>runScenario</b><br>Test class: com.Capium.TestRunFiles.BK_bank_Overview_runner<br>Test method: Runs Cucumber Scenarios<br>Parameters: "verify the journal BK", "Bank tab BK"</td>
<td></td>
<td>131</td>
<td>com.Capium.TestRunFiles.BK_bank_Overview_runner@445b295b</td></tr>
<tr>
<td title='com.Capium.TestRunFiles.BK_bank_Overview_runner.runScenario()'><b>runScenario</b><br>Test class: com.Capium.TestRunFiles.BK_bank_Overview_runner<br>Test method: Runs Cucumber Scenarios<br>Parameters: "verify the bank transfer BK", "Bank tab BK"</td>
<td></td>
<td>137</td>
<td>com.Capium.TestRunFiles.BK_bank_Overview_runner@445b295b</td></tr>
<tr>
<td title='com.Capium.TestRunFiles.BK_bank_Overview_runner.runScenario()'><b>runScenario</b><br>Test class: com.Capium.TestRunFiles.BK_bank_Overview_runner<br>Test method: Runs Cucumber Scenarios<br>Parameters: "verify the multiple transaction for receipt and payment BK", "Bank tab BK"</td>
<td></td>
<td>197</td>
<td>com.Capium.TestRunFiles.BK_bank_Overview_runner@445b295b</td></tr>
<tr>
<td title='com.Capium.TestRunFiles.BK_bank_Overview_runner.runScenario()'><b>runScenario</b><br>Test class: com.Capium.TestRunFiles.BK_bank_Overview_runner<br>Test method: Runs Cucumber Scenarios<br>Parameters: "verify search bar and reconcile icon in main grid BK", "Bank tab BK"</td>
<td></td>
<td>191</td>
<td>com.Capium.TestRunFiles.BK_bank_Overview_runner@445b295b</td></tr>
<tr>
<td title='com.Capium.TestRunFiles.BK_bank_Overview_runner.runScenario()'><b>runScenario</b><br>Test class: com.Capium.TestRunFiles.BK_bank_Overview_runner<br>Test method: Runs Cucumber Scenarios<br>Parameters: "verify the purchase for payments BK", "Bank tab BK"</td>
<td></td>
<td>191</td>
<td>com.Capium.TestRunFiles.BK_bank_Overview_runner@445b295b</td></tr>
<tr>
<td title='com.Capium.TestRunFiles.BK_bank_Overview_runner.runScenario()'><b>runScenario</b><br>Test class: com.Capium.TestRunFiles.BK_bank_Overview_runner<br>Test method: Runs Cucumber Scenarios<br>Parameters: "verify the period dropdown BK", "Bank tab BK"</td>
<td></td>
<td>262</td>
<td>com.Capium.TestRunFiles.BK_bank_Overview_runner@445b295b</td></tr>
</table><p>
</body>
</html>