<?xml version="1.0" encoding="UTF-8"?>
<!-- Generated by org.testng.reporters.JUnitXMLReporter -->
<testsuite ignored="0" hostname="DESKTOP-TAJ4I7G" failures="9" tests="19" name="Default test" time="3393.453" errors="0" timestamp="2025-09-28T12:44:44 IST">
  <testcase classname="io.cucumber.testng.AbstractTestNGCucumberTests" name="runScenario" time="205.649">
    <failure type="java.lang.AssertionError" message="add bank popup not  opened">
      <![CDATA[java.lang.AssertionError: add bank popup not  opened
at org.testng.Assert.fail(Assert.java:111)
at com.Capium.Actions.BK_bankTab_Overview_action.verifyaddedbankBK(BK_bankTab_Overview_action.java:112)
at com.Capium.stepDefinations.BK_banktab_overview_stepdefinition.verify_added_bank_bk(BK_banktab_overview_stepdefinition.java:36)
at ✽.verify added bank BK(file:///C:/Users/user/Downloads/Bookkeeping_5.0%20(2)/Bookkeeping_5.0/Bookkeeping_5.0/src/test/resources/Feature_CapiumPurchase/BK_Bank_overview.feature:16)
]]>
    </failure>
  </testcase> <!-- runScenario -->
  <testcase classname="io.cucumber.testng.AbstractTestNGCucumberTests" name="runScenario" time="192.563"/>
  <testcase classname="io.cucumber.testng.AbstractTestNGCucumberTests" name="runScenario" time="159.581">
    <failure type="java.lang.AssertionError" message="cross mark clicked. Actual: ">
      <![CDATA[java.lang.AssertionError: cross mark clicked. Actual: 
at org.testng.Assert.fail(Assert.java:111)
at com.Capium.Actions.BK_bankTab_Overview_action.VerifysearchiconandcrossmarkineditbankpageBK(BK_bankTab_Overview_action.java:220)
at com.Capium.stepDefinations.BK_banktab_overview_stepdefinition.verify_search_icon_and_cross_mark_in_edit_journal_page_bk(BK_banktab_overview_stepdefinition.java:67)
at ✽.Verify search icon and cross mark in edit bank page BK(file:///C:/Users/user/Downloads/Bookkeeping_5.0%20(2)/Bookkeeping_5.0/Bookkeeping_5.0/src/test/resources/Feature_CapiumPurchase/BK_Bank_overview.feature:29)
]]>
    </failure>
  </testcase> <!-- runScenario -->
  <testcase classname="io.cucumber.testng.AbstractTestNGCucumberTests" name="runScenario" time="137.835">
    <failure type="org.openqa.selenium.NoSuchElementException" message="no such element: Unable to locate element: {&amp;quot;method&amp;quot;:&amp;quot;xpath&amp;quot;,&amp;quot;selector&amp;quot;:&amp;quot;//mat-icon[normalize-space()=&amp;apos;keyboard_double_arrow_up&amp;apos;]&amp;quot;}
  (Session info: chrome=140.0.7339.128)
For documentation on this error, please visit: https://www.selenium.dev/documentation/webdriver/troubleshooting/errors#no-such-element-exception
Build info: version: &amp;apos;4.33.0&amp;apos;, revision: &amp;apos;2c6aaad03a&amp;apos;
System info: os.name: &amp;apos;Windows 11&amp;apos;, os.arch: &amp;apos;amd64&amp;apos;, os.version: &amp;apos;10.0&amp;apos;, java.version: &amp;apos;21.0.6&amp;apos;
Driver info: org.openqa.selenium.chrome.ChromeDriver
Command: [c7f85e382bb114e16ada6125526c1e2d, findElement {using=xpath, value=//mat-icon[normalize-space()=&amp;apos;keyboard_double_arrow_up&amp;apos;]}]
Capabilities {acceptInsecureCerts: false, browserName: chrome, browserVersion: 140.0.7339.128, chrome: {chromedriverVersion: 140.0.7339.207 (17230b545fd..., userDataDir: C:\Users\user\AppData\Local...}, fedcm:accounts: true, goog:chromeOptions: {debuggerAddress: localhost:63469}, networkConnectionEnabled: false, pageLoadStrategy: normal, platformName: windows, proxy: Proxy(), se:cdp: ws://localhost:63469/devtoo..., se:cdpVersion: 140.0.7339.128, setWindowRect: true, strictFileInteractability: false, timeouts: {implicit: 0, pageLoad: 300000, script: 30000}, unhandledPromptBehavior: dismiss and notify, webauthn:extension:credBlob: true, webauthn:extension:largeBlob: true, webauthn:extension:minPinLength: true, webauthn:extension:prf: true, webauthn:virtualAuthenticators: true}
Session ID: c7f85e382bb114e16ada6125526c1e2d">
      <![CDATA[org.openqa.selenium.NoSuchElementException: no such element: Unable to locate element: {"method":"xpath","selector":"//mat-icon[normalize-space()='keyboard_double_arrow_up']"}
  (Session info: chrome=140.0.7339.128)
For documentation on this error, please visit: https://www.selenium.dev/documentation/webdriver/troubleshooting/errors#no-such-element-exception
Build info: version: '4.33.0', revision: '2c6aaad03a'
System info: os.name: 'Windows 11', os.arch: 'amd64', os.version: '10.0', java.version: '21.0.6'
Driver info: org.openqa.selenium.chrome.ChromeDriver
Command: [c7f85e382bb114e16ada6125526c1e2d, findElement {using=xpath, value=//mat-icon[normalize-space()='keyboard_double_arrow_up']}]
Capabilities {acceptInsecureCerts: false, browserName: chrome, browserVersion: 140.0.7339.128, chrome: {chromedriverVersion: 140.0.7339.207 (17230b545fd..., userDataDir: C:\Users\user\AppData\Local...}, fedcm:accounts: true, goog:chromeOptions: {debuggerAddress: localhost:63469}, networkConnectionEnabled: false, pageLoadStrategy: normal, platformName: windows, proxy: Proxy(), se:cdp: ws://localhost:63469/devtoo..., se:cdpVersion: 140.0.7339.128, setWindowRect: true, strictFileInteractability: false, timeouts: {implicit: 0, pageLoad: 300000, script: 30000}, unhandledPromptBehavior: dismiss and notify, webauthn:extension:credBlob: true, webauthn:extension:largeBlob: true, webauthn:extension:minPinLength: true, webauthn:extension:prf: true, webauthn:virtualAuthenticators: true}
Session ID: c7f85e382bb114e16ada6125526c1e2d
at java.base/jdk.internal.reflect.DirectConstructorHandleAccessor.newInstance(DirectConstructorHandleAccessor.java:62)
at java.base/java.lang.reflect.Constructor.newInstanceWithCaller(Constructor.java:502)
at java.base/java.lang.reflect.Constructor.newInstance(Constructor.java:486)
at org.openqa.selenium.remote.ErrorCodec.decode(ErrorCodec.java:167)
at org.openqa.selenium.remote.codec.w3c.W3CHttpResponseCodec.decode(W3CHttpResponseCodec.java:138)
at org.openqa.selenium.remote.codec.w3c.W3CHttpResponseCodec.decode(W3CHttpResponseCodec.java:50)
at org.openqa.selenium.remote.HttpCommandExecutor.execute(HttpCommandExecutor.java:215)
at org.openqa.selenium.remote.service.DriverCommandExecutor.invokeExecute(DriverCommandExecutor.java:216)
at org.openqa.selenium.remote.service.DriverCommandExecutor.execute(DriverCommandExecutor.java:174)
at org.openqa.selenium.remote.RemoteWebDriver.execute(RemoteWebDriver.java:544)
at org.openqa.selenium.remote.ElementLocation$ElementFinder$2.findElement(ElementLocation.java:165)
at org.openqa.selenium.remote.ElementLocation.findElement(ElementLocation.java:59)
at org.openqa.selenium.remote.RemoteWebDriver.findElement(RemoteWebDriver.java:367)
at org.openqa.selenium.remote.RemoteWebDriver.findElement(RemoteWebDriver.java:361)
at org.openqa.selenium.support.pagefactory.DefaultElementLocator.findElement(DefaultElementLocator.java:68)
at org.openqa.selenium.support.pagefactory.internal.LocatingElementHandler.invoke(LocatingElementHandler.java:38)
at jdk.proxy2/jdk.proxy2.$Proxy33.getWrappedElement(Unknown Source)
at org.openqa.selenium.remote.WebElementToJsonConverter.apply(WebElementToJsonConverter.java:48)
at java.base/java.util.stream.ReferencePipeline$3$1.accept(ReferencePipeline.java:197)
at java.base/java.util.Spliterators$ArraySpliterator.forEachRemaining(Spliterators.java:1024)
at java.base/java.util.stream.AbstractPipeline.copyInto(AbstractPipeline.java:509)
at java.base/java.util.stream.AbstractPipeline.wrapAndCopyInto(AbstractPipeline.java:499)
at java.base/java.util.stream.ReduceOps$ReduceOp.evaluateSequential(ReduceOps.java:921)
at java.base/java.util.stream.AbstractPipeline.evaluate(AbstractPipeline.java:234)
at java.base/java.util.stream.ReferencePipeline.collect(ReferencePipeline.java:682)
at org.openqa.selenium.remote.RemoteWebDriver.executeScript(RemoteWebDriver.java:473)
at com.Capium.Utilies.HelperClass.ClickUsingJS(HelperClass.java:352)
at com.Capium.Actions.BK_bankTab_Overview_action.ClickondoublearrowsineditbankpageandverifythedetailboxesareopeningorclosingBK(BK_bankTab_Overview_action.java:230)
at com.Capium.stepDefinations.BK_banktab_overview_stepdefinition.click_on_double_arrows_in_edit_journal_page_and_verify_the_detail_boxes_are_opening_or_closing_bk(BK_banktab_overview_stepdefinition.java:73)
at ✽.Click on double arrows in edit bank page and verify the detail boxes are opening or closing BK(file:///C:/Users/user/Downloads/Bookkeeping_5.0%20(2)/Bookkeeping_5.0/Bookkeeping_5.0/src/test/resources/Feature_CapiumPurchase/BK_Bank_overview.feature:35)
]]>
    </failure>
  </testcase> <!-- runScenario -->
  <testcase classname="io.cucumber.testng.AbstractTestNGCucumberTests" name="runScenario" time="191.724"/>
  <testcase classname="io.cucumber.testng.AbstractTestNGCucumberTests" name="runScenario" time="188.88">
    <failure type="org.openqa.selenium.StaleElementReferenceException" message="stale element reference: stale element not found in the current frame
  (Session info: chrome=140.0.7339.128)
For documentation on this error, please visit: https://www.selenium.dev/documentation/webdriver/troubleshooting/errors#stale-element-reference-exception
Build info: version: &amp;apos;4.33.0&amp;apos;, revision: &amp;apos;2c6aaad03a&amp;apos;
System info: os.name: &amp;apos;Windows 11&amp;apos;, os.arch: &amp;apos;amd64&amp;apos;, os.version: &amp;apos;10.0&amp;apos;, java.version: &amp;apos;21.0.6&amp;apos;
Driver info: org.openqa.selenium.chrome.ChromeDriver
Command: [55df2ef1d37180919f958a8523f639b0, executeScript {args=[{element-6066-11e4-a52e-4f735466cecf=f.BB0A4914624BE77CB249017F16BE7739.d.11EDE7CA4BA580AE47C0D72BECAA608B.e.250}], script=arguments[0].click();}]
Capabilities {acceptInsecureCerts: false, browserName: chrome, browserVersion: 140.0.7339.128, chrome: {chromedriverVersion: 140.0.7339.207 (17230b545fd..., userDataDir: C:\Users\user\AppData\Local...}, fedcm:accounts: true, goog:chromeOptions: {debuggerAddress: localhost:63985}, networkConnectionEnabled: false, pageLoadStrategy: normal, platformName: windows, proxy: Proxy(), se:cdp: ws://localhost:63985/devtoo..., se:cdpVersion: 140.0.7339.128, setWindowRect: true, strictFileInteractability: false, timeouts: {implicit: 0, pageLoad: 300000, script: 30000}, unhandledPromptBehavior: dismiss and notify, webauthn:extension:credBlob: true, webauthn:extension:largeBlob: true, webauthn:extension:minPinLength: true, webauthn:extension:prf: true, webauthn:virtualAuthenticators: true}
Session ID: 55df2ef1d37180919f958a8523f639b0">
      <![CDATA[org.openqa.selenium.StaleElementReferenceException: stale element reference: stale element not found in the current frame
  (Session info: chrome=140.0.7339.128)
For documentation on this error, please visit: https://www.selenium.dev/documentation/webdriver/troubleshooting/errors#stale-element-reference-exception
Build info: version: '4.33.0', revision: '2c6aaad03a'
System info: os.name: 'Windows 11', os.arch: 'amd64', os.version: '10.0', java.version: '21.0.6'
Driver info: org.openqa.selenium.chrome.ChromeDriver
Command: [55df2ef1d37180919f958a8523f639b0, executeScript {args=[{element-6066-11e4-a52e-4f735466cecf=f.BB0A4914624BE77CB249017F16BE7739.d.11EDE7CA4BA580AE47C0D72BECAA608B.e.250}], script=arguments[0].click();}]
Capabilities {acceptInsecureCerts: false, browserName: chrome, browserVersion: 140.0.7339.128, chrome: {chromedriverVersion: 140.0.7339.207 (17230b545fd..., userDataDir: C:\Users\user\AppData\Local...}, fedcm:accounts: true, goog:chromeOptions: {debuggerAddress: localhost:63985}, networkConnectionEnabled: false, pageLoadStrategy: normal, platformName: windows, proxy: Proxy(), se:cdp: ws://localhost:63985/devtoo..., se:cdpVersion: 140.0.7339.128, setWindowRect: true, strictFileInteractability: false, timeouts: {implicit: 0, pageLoad: 300000, script: 30000}, unhandledPromptBehavior: dismiss and notify, webauthn:extension:credBlob: true, webauthn:extension:largeBlob: true, webauthn:extension:minPinLength: true, webauthn:extension:prf: true, webauthn:virtualAuthenticators: true}
Session ID: 55df2ef1d37180919f958a8523f639b0
at java.base/jdk.internal.reflect.DirectConstructorHandleAccessor.newInstance(DirectConstructorHandleAccessor.java:62)
at java.base/java.lang.reflect.Constructor.newInstanceWithCaller(Constructor.java:502)
at java.base/java.lang.reflect.Constructor.newInstance(Constructor.java:486)
at org.openqa.selenium.remote.ErrorCodec.decode(ErrorCodec.java:167)
at org.openqa.selenium.remote.codec.w3c.W3CHttpResponseCodec.decode(W3CHttpResponseCodec.java:138)
at org.openqa.selenium.remote.codec.w3c.W3CHttpResponseCodec.decode(W3CHttpResponseCodec.java:50)
at org.openqa.selenium.remote.HttpCommandExecutor.execute(HttpCommandExecutor.java:215)
at org.openqa.selenium.remote.service.DriverCommandExecutor.invokeExecute(DriverCommandExecutor.java:216)
at org.openqa.selenium.remote.service.DriverCommandExecutor.execute(DriverCommandExecutor.java:174)
at org.openqa.selenium.remote.RemoteWebDriver.execute(RemoteWebDriver.java:544)
at org.openqa.selenium.remote.RemoteWebDriver.executeScript(RemoteWebDriver.java:475)
at com.Capium.Utilies.HelperClass.ClickUsingJS(HelperClass.java:352)
at com.Capium.Actions.BK_bankTab_Overview_action.importthetransactionsBK(BK_bankTab_Overview_action.java:335)
at com.Capium.stepDefinations.BK_banktab_overview_stepdefinition.import_the_transactions_bk(BK_banktab_overview_stepdefinition.java:91)
at ✽.import the transactions BK(file:///C:/Users/user/Downloads/Bookkeeping_5.0%20(2)/Bookkeeping_5.0/Bookkeeping_5.0/src/test/resources/Feature_CapiumPurchase/BK_Bank_overview.feature:48)
]]>
    </failure>
  </testcase> <!-- runScenario -->
  <testcase classname="io.cucumber.testng.AbstractTestNGCucumberTests" name="runScenario" time="131.859"/>
  <testcase classname="io.cucumber.testng.AbstractTestNGCucumberTests" name="runScenario" time="187.124">
    <failure type="java.lang.AssertionError" message="Create payment page is not navigated">
      <![CDATA[java.lang.AssertionError: Create payment page is not navigated
at org.testng.Assert.fail(Assert.java:111)
at com.Capium.Actions.BK_bankTab_Overview_action.verifythepaymentforpaymentsBK(BK_bankTab_Overview_action.java:549)
at com.Capium.stepDefinations.BK_banktab_overview_stepdefinition.verify_the_payment_for_payments_bk(BK_banktab_overview_stepdefinition.java:169)
at ✽.verify the payment for payments BK(file:///C:/Users/user/Downloads/Bookkeeping_5.0%20(2)/Bookkeeping_5.0/Bookkeeping_5.0/src/test/resources/Feature_CapiumPurchase/BK_Bank_overview.feature:65)
]]>
    </failure>
  </testcase> <!-- runScenario -->
  <testcase classname="io.cucumber.testng.AbstractTestNGCucumberTests" name="runScenario" time="137.673"/>
  <testcase classname="io.cucumber.testng.AbstractTestNGCucumberTests" name="runScenario" time="191.485"/>
  <testcase classname="io.cucumber.testng.AbstractTestNGCucumberTests" name="runScenario" time="197.207"/>
  <testcase classname="io.cucumber.testng.AbstractTestNGCucumberTests" name="runScenario" time="212.815"/>
  <testcase classname="io.cucumber.testng.AbstractTestNGCucumberTests" name="runScenario" time="153.452">
    <failure type="java.lang.AssertionError" message="Refund popup is not opened">
      <![CDATA[java.lang.AssertionError: Refund popup is not opened
at org.testng.Assert.fail(Assert.java:111)
at com.Capium.Actions.BK_bankTab_Overview_action.ClickonrefundoptioninactiondropdownBK(BK_bankTab_Overview_action.java:1242)
at com.Capium.stepDefinations.BK_banktab_overview_stepdefinition.click_on_refund_option_in_action_dropdown_bk(BK_banktab_overview_stepdefinition.java:211)
at ✽.Click on refund option in action dropdown BK(file:///C:/Users/user/Downloads/Bookkeeping_5.0%20(2)/Bookkeeping_5.0/Bookkeeping_5.0/src/test/resources/Feature_CapiumPurchase/BK_Bank_overview.feature:93)
]]>
    </failure>
  </testcase> <!-- runScenario -->
  <testcase classname="io.cucumber.testng.AbstractTestNGCucumberTests" name="runScenario" time="148.763">
    <failure type="java.lang.AssertionError" message="Refund popup is not opened">
      <![CDATA[java.lang.AssertionError: Refund popup is not opened
at org.testng.Assert.fail(Assert.java:111)
at com.Capium.Actions.BK_bankTab_Overview_action.ClickonrefundoptionforcreditnoteinactiondropdownBK(BK_bankTab_Overview_action.java:1290)
at com.Capium.stepDefinations.BK_banktab_overview_stepdefinition.click_on_refund_option_for_credit_note_in_action_dropdown_bk(BK_banktab_overview_stepdefinition.java:283)
at ✽.Click on refund option for credit note in action dropdown BK(file:///C:/Users/user/Downloads/Bookkeeping_5.0%20(2)/Bookkeeping_5.0/Bookkeeping_5.0/src/test/resources/Feature_CapiumPurchase/BK_Bank_overview.feature:99)
]]>
    </failure>
  </testcase> <!-- runScenario -->
  <testcase classname="io.cucumber.testng.AbstractTestNGCucumberTests" name="runScenario" time="182.575"/>
  <testcase classname="io.cucumber.testng.AbstractTestNGCucumberTests" name="runScenario" time="171.294"/>
  <testcase classname="io.cucumber.testng.AbstractTestNGCucumberTests" name="runScenario" time="262.42"/>
  <testcase classname="io.cucumber.testng.AbstractTestNGCucumberTests" name="runScenario" time="197.954">
    <failure type="java.lang.AssertionError" message="Edit Journal page not opened">
      <![CDATA[java.lang.AssertionError: Edit Journal page not opened
at org.testng.Assert.fail(Assert.java:111)
at com.Capium.Actions.BK_bankTab_Overview_action.VerifydownloadandeditoptionsinjournalidincashinhandBK(BK_bankTab_Overview_action.java:1108)
at com.Capium.stepDefinations.BK_banktab_overview_stepdefinition.verify_download_and_edit_options_in_journal_id_in_cash_in_hand_bk(BK_banktab_overview_stepdefinition.java:247)
at ✽.Verify download and edit options in journal id in cash in hand BK(file:///C:/Users/user/Downloads/Bookkeeping_5.0%20(2)/Bookkeeping_5.0/Bookkeeping_5.0/src/test/resources/Feature_CapiumPurchase/BK_Bank_overview.feature:124)
]]>
    </failure>
  </testcase> <!-- runScenario -->
  <testcase classname="io.cucumber.testng.AbstractTestNGCucumberTests" name="runScenario" time="135.971">
    <failure type="org.openqa.selenium.NoSuchElementException" message="no such element: Unable to locate element: {&amp;quot;method&amp;quot;:&amp;quot;xpath&amp;quot;,&amp;quot;selector&amp;quot;:&amp;quot;//a[text()=&amp;apos; BNK - 1 &amp;apos;]&amp;quot;}
  (Session info: chrome=140.0.7339.128)
For documentation on this error, please visit: https://www.selenium.dev/documentation/webdriver/troubleshooting/errors#no-such-element-exception
Build info: version: &amp;apos;4.33.0&amp;apos;, revision: &amp;apos;2c6aaad03a&amp;apos;
System info: os.name: &amp;apos;Windows 11&amp;apos;, os.arch: &amp;apos;amd64&amp;apos;, os.version: &amp;apos;10.0&amp;apos;, java.version: &amp;apos;21.0.6&amp;apos;
Driver info: org.openqa.selenium.chrome.ChromeDriver
Command: [bc49a352d5d10b55a00ce2ff2c39ab37, findElement {using=xpath, value=//a[text()=&amp;apos; BNK - 1 &amp;apos;]}]
Capabilities {acceptInsecureCerts: false, browserName: chrome, browserVersion: 140.0.7339.128, chrome: {chromedriverVersion: 140.0.7339.207 (17230b545fd..., userDataDir: C:\Users\user\AppData\Local...}, fedcm:accounts: true, goog:chromeOptions: {debuggerAddress: localhost:51385}, networkConnectionEnabled: false, pageLoadStrategy: normal, platformName: windows, proxy: Proxy(), se:cdp: ws://localhost:51385/devtoo..., se:cdpVersion: 140.0.7339.128, setWindowRect: true, strictFileInteractability: false, timeouts: {implicit: 0, pageLoad: 300000, script: 30000}, unhandledPromptBehavior: dismiss and notify, webauthn:extension:credBlob: true, webauthn:extension:largeBlob: true, webauthn:extension:minPinLength: true, webauthn:extension:prf: true, webauthn:virtualAuthenticators: true}
Session ID: bc49a352d5d10b55a00ce2ff2c39ab37">
      <![CDATA[org.openqa.selenium.NoSuchElementException: no such element: Unable to locate element: {"method":"xpath","selector":"//a[text()=' BNK - 1 ']"}
  (Session info: chrome=140.0.7339.128)
For documentation on this error, please visit: https://www.selenium.dev/documentation/webdriver/troubleshooting/errors#no-such-element-exception
Build info: version: '4.33.0', revision: '2c6aaad03a'
System info: os.name: 'Windows 11', os.arch: 'amd64', os.version: '10.0', java.version: '21.0.6'
Driver info: org.openqa.selenium.chrome.ChromeDriver
Command: [bc49a352d5d10b55a00ce2ff2c39ab37, findElement {using=xpath, value=//a[text()=' BNK - 1 ']}]
Capabilities {acceptInsecureCerts: false, browserName: chrome, browserVersion: 140.0.7339.128, chrome: {chromedriverVersion: 140.0.7339.207 (17230b545fd..., userDataDir: C:\Users\user\AppData\Local...}, fedcm:accounts: true, goog:chromeOptions: {debuggerAddress: localhost:51385}, networkConnectionEnabled: false, pageLoadStrategy: normal, platformName: windows, proxy: Proxy(), se:cdp: ws://localhost:51385/devtoo..., se:cdpVersion: 140.0.7339.128, setWindowRect: true, strictFileInteractability: false, timeouts: {implicit: 0, pageLoad: 300000, script: 30000}, unhandledPromptBehavior: dismiss and notify, webauthn:extension:credBlob: true, webauthn:extension:largeBlob: true, webauthn:extension:minPinLength: true, webauthn:extension:prf: true, webauthn:virtualAuthenticators: true}
Session ID: bc49a352d5d10b55a00ce2ff2c39ab37
at java.base/jdk.internal.reflect.DirectConstructorHandleAccessor.newInstance(DirectConstructorHandleAccessor.java:62)
at java.base/java.lang.reflect.Constructor.newInstanceWithCaller(Constructor.java:502)
at java.base/java.lang.reflect.Constructor.newInstance(Constructor.java:486)
at org.openqa.selenium.remote.ErrorCodec.decode(ErrorCodec.java:167)
at org.openqa.selenium.remote.codec.w3c.W3CHttpResponseCodec.decode(W3CHttpResponseCodec.java:138)
at org.openqa.selenium.remote.codec.w3c.W3CHttpResponseCodec.decode(W3CHttpResponseCodec.java:50)
at org.openqa.selenium.remote.HttpCommandExecutor.execute(HttpCommandExecutor.java:215)
at org.openqa.selenium.remote.service.DriverCommandExecutor.invokeExecute(DriverCommandExecutor.java:216)
at org.openqa.selenium.remote.service.DriverCommandExecutor.execute(DriverCommandExecutor.java:174)
at org.openqa.selenium.remote.RemoteWebDriver.execute(RemoteWebDriver.java:544)
at org.openqa.selenium.remote.ElementLocation$ElementFinder$2.findElement(ElementLocation.java:165)
at org.openqa.selenium.remote.ElementLocation.findElement(ElementLocation.java:59)
at org.openqa.selenium.remote.RemoteWebDriver.findElement(RemoteWebDriver.java:367)
at org.openqa.selenium.remote.RemoteWebDriver.findElement(RemoteWebDriver.java:361)
at com.Capium.Utilies.HelperClass.ClickUsingJS(HelperClass.java:356)
at com.Capium.Actions.BK_bankTab_Overview_action.verifythebanktransferdetailsthroughbanktranferidinparticularbankBK(BK_bankTab_Overview_action.java:1132)
at com.Capium.stepDefinations.BK_banktab_overview_stepdefinition.verify_the_bank_transfer_details_through_bank_tranfer_id_in_particular_bank_bk(BK_banktab_overview_stepdefinition.java:259)
at ✽.verify the bank transfer details through bank tranfer id in particular bank BK(file:///C:/Users/user/Downloads/Bookkeeping_5.0%20(2)/Bookkeeping_5.0/Bookkeeping_5.0/src/test/resources/Feature_CapiumPurchase/BK_Bank_overview.feature:130)
]]>
    </failure>
  </testcase> <!-- runScenario -->
</testsuite> <!-- Default test -->
