<!DOCTYPE html>

<html>
  <head>
  <meta charset='utf-8'>
  <title>TestNG reports</title>

    <link type="text/css" href="testng-reports1.css" rel="stylesheet" id="ultra" />
    <link type="text/css" href="testng-reports.css" rel="stylesheet" id="retro" disabled="false"/>
    <script type="text/javascript" src="jquery-3.6.0.min.js"></script>
    <script type="text/javascript" src="testng-reports.js"></script>
    <script type="text/javascript" src="https://www.google.com/jsapi"></script>
    <script type='text/javascript'>
      google.load('visualization', '1', {packages:['table']});
      google.setOnLoadCallback(drawTable);
      var suiteTableInitFunctions = new Array();
      var suiteTableData = new Array();
    </script>
    <!--
      <script type="text/javascript" src="jquery-ui/js/jquery-ui-1.8.16.custom.min.js"></script>
     -->
  </head>

  <body>    <div class="top-banner-root">
      <span class="top-banner-title-font">Test results</span>
      <button id="button" class="button">Switch Retro Theme</button> <!-- button -->
      <br/>
      <span class="top-banner-font-1">1 suite, 9 failed tests</span>
    </div> <!-- top-banner-root -->
    <div class="navigator-root">
      <div class="navigator-suite-header">
        <span>All suites</span>
        <a href="#" title="Collapse/expand all the suites" class="collapse-all-link">
          <img src="collapseall.gif" class="collapse-all-icon">
          </img> <!-- collapse-all-icon -->
        </a> <!-- collapse-all-link -->
      </div> <!-- navigator-suite-header -->
      <div class="suite">
        <div class="rounded-window">
          <div class="suite-header light-rounded-window-top">
            <a href="#" panel-name="suite-Default_suite" class="navigator-link">
              <span class="suite-name border-failed">Default suite</span>
            </a> <!-- navigator-link -->
          </div> <!-- suite-header light-rounded-window-top -->
          <div class="navigator-suite-content">
            <div class="suite-section-title">
              <span>Info</span>
            </div> <!-- suite-section-title -->
            <div class="suite-section-content">
              <ul>
                <li>
                  <a href="#" panel-name="test-xml-Default_suite" class="navigator-link ">
                    <span>C:\Users\user\AppData\Local\Temp\testng-eclipse--464414038\testng-customsuite.xml</span>
                  </a> <!-- navigator-link  -->
                </li>
                <li>
                  <a href="#" panel-name="testlist-Default_suite" class="navigator-link ">
                    <span class="test-stats">1 test</span>
                  </a> <!-- navigator-link  -->
                </li>
                <li>
                  <a href="#" panel-name="group-Default_suite" class="navigator-link ">
                    <span>1 group</span>
                  </a> <!-- navigator-link  -->
                </li>
                <li>
                  <a href="#" panel-name="times-Default_suite" class="navigator-link ">
                    <span>Times</span>
                  </a> <!-- navigator-link  -->
                </li>
                <li>
                  <a href="#" panel-name="reporter-Default_suite" class="navigator-link ">
                    <span>Reporter output</span>
                  </a> <!-- navigator-link  -->
                </li>
                <li>
                  <a href="#" panel-name="ignored-methods-Default_suite" class="navigator-link ">
                    <span>Ignored methods</span>
                  </a> <!-- navigator-link  -->
                </li>
                <li>
                  <a href="#" panel-name="chronological-Default_suite" class="navigator-link ">
                    <span>Chronological view</span>
                  </a> <!-- navigator-link  -->
                </li>
              </ul>
            </div> <!-- suite-section-content -->
            <div class="result-section">
              <div class="suite-section-title">
                <span>Results</span>
              </div> <!-- suite-section-title -->
              <div class="suite-section-content">
                <ul>
                  <li>
                    <span class="method-stats">19 methods, 9 failed,   10 passed</span>
                  </li>
                  <li>
                    <span class="method-list-title failed">Failed methods</span>
                    <span class="show-or-hide-methods failed">
                      <a href="#" panel-name="suite-Default_suite" class="hide-methods failed suite-Default_suite"> (hide)</a> <!-- hide-methods failed suite-Default_suite -->
                      <a href="#" panel-name="suite-Default_suite" class="show-methods failed suite-Default_suite"> (show)</a> <!-- show-methods failed suite-Default_suite -->
                    </span>
                    <div class="method-list-content failed suite-Default_suite">
                      <span>
                        <img src="failed.png" width="3%"/>
                        <a href="#" panel-name="suite-Default_suite" title="com.Capium.TestRunFiles.BK_bank_Overview_runner" class="method navigator-link" hash-for-method="runScenario(&quot;verify the refund BK&quot;, &quot;Bank tab BK&quot;)">runScenario("verify the refund BK", "Bank tab BK")</a> <!-- method navigator-link -->
                      </span>
                      <br/>
                      <span>
                        <img src="failed.png" width="3%"/>
                        <a href="#" panel-name="suite-Default_suite" title="com.Capium.TestRunFiles.BK_bank_Overview_runner" class="method navigator-link" hash-for-method="runScenario(&quot;Verify download and edit options in journal id in cash in hand BK&quot;, &quot;Bank tab BK&quot;)">runScenario("Verify download and edit options in journal id in cash in hand BK", "Bank tab BK")</a> <!-- method navigator-link -->
                      </span>
                      <br/>
                      <span>
                        <img src="failed.png" width="3%"/>
                        <a href="#" panel-name="suite-Default_suite" title="com.Capium.TestRunFiles.BK_bank_Overview_runner" class="method navigator-link" hash-for-method="runScenario(&quot;Verify search icon and cross mark and double arrows in edit bank page  BK&quot;, &quot;Bank tab BK&quot;)">runScenario("Verify search icon and cross mark and double arrows in edit bank page  BK", "Bank tab BK")</a> <!-- method navigator-link -->
                      </span>
                      <br/>
                      <span>
                        <img src="failed.png" width="3%"/>
                        <a href="#" panel-name="suite-Default_suite" title="com.Capium.TestRunFiles.BK_bank_Overview_runner" class="method navigator-link" hash-for-method="runScenario(&quot;verify the refund for credit note BK&quot;, &quot;Bank tab BK&quot;)">runScenario("verify the refund for credit note BK", "Bank tab BK")</a> <!-- method navigator-link -->
                      </span>
                      <br/>
                      <span>
                        <img src="failed.png" width="3%"/>
                        <a href="#" panel-name="suite-Default_suite" title="com.Capium.TestRunFiles.BK_bank_Overview_runner" class="method navigator-link" hash-for-method="runScenario(&quot;verify the bank transfer details through bank tranfer id in particular bank BK&quot;, &quot;Bank tab BK&quot;)">runScenario("verify the bank transfer details through bank tranfer id in particular bank BK", "Bank tab BK")</a> <!-- method navigator-link -->
                      </span>
                      <br/>
                      <span>
                        <img src="failed.png" width="3%"/>
                        <a href="#" panel-name="suite-Default_suite" title="com.Capium.TestRunFiles.BK_bank_Overview_runner" class="method navigator-link" hash-for-method="runScenario(&quot;verify added and edited bank BK&quot;, &quot;Bank tab BK&quot;)">runScenario("verify added and edited bank BK", "Bank tab BK")</a> <!-- method navigator-link -->
                      </span>
                      <br/>
                      <span>
                        <img src="failed.png" width="3%"/>
                        <a href="#" panel-name="suite-Default_suite" title="com.Capium.TestRunFiles.BK_bank_Overview_runner" class="method navigator-link" hash-for-method="runScenario(&quot;Click on double arrows in edit bank page and verify the detail boxes are opening or closing BK&quot;, &quot;B...)">runScenario("Click on double arrows in edit bank page and verify the detail boxes are opening or closing BK", "B...)</a> <!-- method navigator-link -->
                      </span>
                      <br/>
                      <span>
                        <img src="failed.png" width="3%"/>
                        <a href="#" panel-name="suite-Default_suite" title="com.Capium.TestRunFiles.BK_bank_Overview_runner" class="method navigator-link" hash-for-method="runScenario(&quot;verify manual imported transaction BK&quot;, &quot;Bank tab BK&quot;)">runScenario("verify manual imported transaction BK", "Bank tab BK")</a> <!-- method navigator-link -->
                      </span>
                      <br/>
                      <span>
                        <img src="failed.png" width="3%"/>
                        <a href="#" panel-name="suite-Default_suite" title="com.Capium.TestRunFiles.BK_bank_Overview_runner" class="method navigator-link" hash-for-method="runScenario(&quot;verify the payment for payments BK&quot;, &quot;Bank tab BK&quot;)">runScenario("verify the payment for payments BK", "Bank tab BK")</a> <!-- method navigator-link -->
                      </span>
                      <br/>
                    </div> <!-- method-list-content failed suite-Default_suite -->
                  </li>
                  <li>
                    <span class="method-list-title passed">Passed methods</span>
                    <span class="show-or-hide-methods passed">
                      <a href="#" panel-name="suite-Default_suite" class="hide-methods passed suite-Default_suite"> (hide)</a> <!-- hide-methods passed suite-Default_suite -->
                      <a href="#" panel-name="suite-Default_suite" class="show-methods passed suite-Default_suite"> (show)</a> <!-- show-methods passed suite-Default_suite -->
                    </span>
                    <div class="method-list-content passed suite-Default_suite">
                      <span>
                        <img src="passed.png" width="3%"/>
                        <a href="#" panel-name="suite-Default_suite" title="com.Capium.TestRunFiles.BK_bank_Overview_runner" class="method navigator-link" hash-for-method="runScenario(&quot;Click on plus symbol in bank main menu and enabled options in edit page BK&quot;, &quot;Bank tab BK&quot;)">runScenario("Click on plus symbol in bank main menu and enabled options in edit page BK", "Bank tab BK")</a> <!-- method navigator-link -->
                      </span>
                      <br/>
                      <span>
                        <img src="passed.png" width="3%"/>
                        <a href="#" panel-name="suite-Default_suite" title="com.Capium.TestRunFiles.BK_bank_Overview_runner" class="method navigator-link" hash-for-method="runScenario(&quot;verify the invoice for receipts BK&quot;, &quot;Bank tab BK&quot;)">runScenario("verify the invoice for receipts BK", "Bank tab BK")</a> <!-- method navigator-link -->
                      </span>
                      <br/>
                      <span>
                        <img src="passed.png" width="3%"/>
                        <a href="#" panel-name="suite-Default_suite" title="com.Capium.TestRunFiles.BK_bank_Overview_runner" class="method navigator-link" hash-for-method="runScenario(&quot;verify the receipts for receipts BK&quot;, &quot;Bank tab BK&quot;)">runScenario("verify the receipts for receipts BK", "Bank tab BK")</a> <!-- method navigator-link -->
                      </span>
                      <br/>
                      <span>
                        <img src="passed.png" width="3%"/>
                        <a href="#" panel-name="suite-Default_suite" title="com.Capium.TestRunFiles.BK_bank_Overview_runner" class="method navigator-link" hash-for-method="runScenario(&quot;verify the multiple transaction for journal BK&quot;, &quot;Bank tab BK&quot;)">runScenario("verify the multiple transaction for journal BK", "Bank tab BK")</a> <!-- method navigator-link -->
                      </span>
                      <br/>
                      <span>
                        <img src="passed.png" width="3%"/>
                        <a href="#" panel-name="suite-Default_suite" title="com.Capium.TestRunFiles.BK_bank_Overview_runner" class="method navigator-link" hash-for-method="runScenario(&quot;verify the journal BK&quot;, &quot;Bank tab BK&quot;)">runScenario("verify the journal BK", "Bank tab BK")</a> <!-- method navigator-link -->
                      </span>
                      <br/>
                      <span>
                        <img src="passed.png" width="3%"/>
                        <a href="#" panel-name="suite-Default_suite" title="com.Capium.TestRunFiles.BK_bank_Overview_runner" class="method navigator-link" hash-for-method="runScenario(&quot;verify the bank transfer BK&quot;, &quot;Bank tab BK&quot;)">runScenario("verify the bank transfer BK", "Bank tab BK")</a> <!-- method navigator-link -->
                      </span>
                      <br/>
                      <span>
                        <img src="passed.png" width="3%"/>
                        <a href="#" panel-name="suite-Default_suite" title="com.Capium.TestRunFiles.BK_bank_Overview_runner" class="method navigator-link" hash-for-method="runScenario(&quot;verify the multiple transaction for receipt and payment BK&quot;, &quot;Bank tab BK&quot;)">runScenario("verify the multiple transaction for receipt and payment BK", "Bank tab BK")</a> <!-- method navigator-link -->
                      </span>
                      <br/>
                      <span>
                        <img src="passed.png" width="3%"/>
                        <a href="#" panel-name="suite-Default_suite" title="com.Capium.TestRunFiles.BK_bank_Overview_runner" class="method navigator-link" hash-for-method="runScenario(&quot;verify search bar and reconcile icon in main grid BK&quot;, &quot;Bank tab BK&quot;)">runScenario("verify search bar and reconcile icon in main grid BK", "Bank tab BK")</a> <!-- method navigator-link -->
                      </span>
                      <br/>
                      <span>
                        <img src="passed.png" width="3%"/>
                        <a href="#" panel-name="suite-Default_suite" title="com.Capium.TestRunFiles.BK_bank_Overview_runner" class="method navigator-link" hash-for-method="runScenario(&quot;verify the purchase for payments BK&quot;, &quot;Bank tab BK&quot;)">runScenario("verify the purchase for payments BK", "Bank tab BK")</a> <!-- method navigator-link -->
                      </span>
                      <br/>
                      <span>
                        <img src="passed.png" width="3%"/>
                        <a href="#" panel-name="suite-Default_suite" title="com.Capium.TestRunFiles.BK_bank_Overview_runner" class="method navigator-link" hash-for-method="runScenario(&quot;verify the period dropdown BK&quot;, &quot;Bank tab BK&quot;)">runScenario("verify the period dropdown BK", "Bank tab BK")</a> <!-- method navigator-link -->
                      </span>
                      <br/>
                    </div> <!-- method-list-content passed suite-Default_suite -->
                  </li>
                </ul>
              </div> <!-- suite-section-content -->
            </div> <!-- result-section -->
          </div> <!-- navigator-suite-content -->
        </div> <!-- rounded-window -->
      </div> <!-- suite -->
    </div> <!-- navigator-root -->
    <div class="wrapper">
      <div class="main-panel-root">
        <div panel-name="suite-Default_suite" class="panel Default_suite">
          <div class="suite-Default_suite-class-failed">
            <div class="main-panel-header rounded-window-top">
              <img src="failed.png"/>
              <span class="class-name">com.Capium.TestRunFiles.BK_bank_Overview_runner</span>
            </div> <!-- main-panel-header rounded-window-top -->
            <div class="main-panel-content rounded-window-bottom">
              <div class="method">
                <div class="method-content">
                  <a name="runScenario(&quot;verify the refund BK&quot;, &quot;Bank tab BK&quot;)">
                  </a> <!-- runScenario("verify the refund BK", "Bank tab BK") -->
                  <span class="method-name">runScenario</span>
                  <span class="parameters">("verify the refund BK","Bank tab BK")</span>
                  <div class="stack-trace">java.lang.AssertionError: Refund popup is not opened
	at org.testng.Assert.fail(Assert.java:111)
	at com.Capium.Actions.BK_bankTab_Overview_action.ClickonrefundoptioninactiondropdownBK(BK_bankTab_Overview_action.java:1242)
	at com.Capium.stepDefinations.BK_banktab_overview_stepdefinition.click_on_refund_option_in_action_dropdown_bk(BK_banktab_overview_stepdefinition.java:211)
	at ✽.Click on refund option in action dropdown BK(file:///C:/Users/user/Downloads/Bookkeeping_5.0%20(2)/Bookkeeping_5.0/Bookkeeping_5.0/src/test/resources/Feature_CapiumPurchase/BK_Bank_overview.feature:93)

</div> <!-- stack-trace -->
                  <em>
(Runs Cucumber Scenarios)                  </em>
                </div> <!-- method-content -->
              </div> <!-- method -->
              <div class="method">
                <div class="method-content">
                  <a name="runScenario(&quot;Verify download and edit options in journal id in cash in hand BK&quot;, &quot;Bank tab BK&quot;)">
                  </a> <!-- runScenario("Verify download and edit options in journal id in cash in hand BK", "Bank tab BK") -->
                  <span class="method-name">runScenario</span>
                  <span class="parameters">("Verify download and edit options in journal id in cash in hand BK","Bank tab BK")</span>
                  <div class="stack-trace">java.lang.AssertionError: Edit Journal page not opened
	at org.testng.Assert.fail(Assert.java:111)
	at com.Capium.Actions.BK_bankTab_Overview_action.VerifydownloadandeditoptionsinjournalidincashinhandBK(BK_bankTab_Overview_action.java:1108)
	at com.Capium.stepDefinations.BK_banktab_overview_stepdefinition.verify_download_and_edit_options_in_journal_id_in_cash_in_hand_bk(BK_banktab_overview_stepdefinition.java:247)
	at ✽.Verify download and edit options in journal id in cash in hand BK(file:///C:/Users/user/Downloads/Bookkeeping_5.0%20(2)/Bookkeeping_5.0/Bookkeeping_5.0/src/test/resources/Feature_CapiumPurchase/BK_Bank_overview.feature:124)

</div> <!-- stack-trace -->
                  <em>
(Runs Cucumber Scenarios)                  </em>
                </div> <!-- method-content -->
              </div> <!-- method -->
              <div class="method">
                <div class="method-content">
                  <a name="runScenario(&quot;Verify search icon and cross mark and double arrows in edit bank page  BK&quot;, &quot;Bank tab BK&quot;)">
                  </a> <!-- runScenario("Verify search icon and cross mark and double arrows in edit bank page  BK", "Bank tab BK") -->
                  <span class="method-name">runScenario</span>
                  <span class="parameters">("Verify search icon and cross mark and double arrows in edit bank page  BK","Bank tab BK")</span>
                  <div class="stack-trace">java.lang.AssertionError: cross mark clicked. Actual: 
	at org.testng.Assert.fail(Assert.java:111)
	at com.Capium.Actions.BK_bankTab_Overview_action.VerifysearchiconandcrossmarkineditbankpageBK(BK_bankTab_Overview_action.java:220)
	at com.Capium.stepDefinations.BK_banktab_overview_stepdefinition.verify_search_icon_and_cross_mark_in_edit_journal_page_bk(BK_banktab_overview_stepdefinition.java:67)
	at ✽.Verify search icon and cross mark in edit bank page BK(file:///C:/Users/user/Downloads/Bookkeeping_5.0%20(2)/Bookkeeping_5.0/Bookkeeping_5.0/src/test/resources/Feature_CapiumPurchase/BK_Bank_overview.feature:29)

</div> <!-- stack-trace -->
                  <em>
(Runs Cucumber Scenarios)                  </em>
                </div> <!-- method-content -->
              </div> <!-- method -->
              <div class="method">
                <div class="method-content">
                  <a name="runScenario(&quot;verify the refund for credit note BK&quot;, &quot;Bank tab BK&quot;)">
                  </a> <!-- runScenario("verify the refund for credit note BK", "Bank tab BK") -->
                  <span class="method-name">runScenario</span>
                  <span class="parameters">("verify the refund for credit note BK","Bank tab BK")</span>
                  <div class="stack-trace">java.lang.AssertionError: Refund popup is not opened
	at org.testng.Assert.fail(Assert.java:111)
	at com.Capium.Actions.BK_bankTab_Overview_action.ClickonrefundoptionforcreditnoteinactiondropdownBK(BK_bankTab_Overview_action.java:1290)
	at com.Capium.stepDefinations.BK_banktab_overview_stepdefinition.click_on_refund_option_for_credit_note_in_action_dropdown_bk(BK_banktab_overview_stepdefinition.java:283)
	at ✽.Click on refund option for credit note in action dropdown BK(file:///C:/Users/user/Downloads/Bookkeeping_5.0%20(2)/Bookkeeping_5.0/Bookkeeping_5.0/src/test/resources/Feature_CapiumPurchase/BK_Bank_overview.feature:99)

</div> <!-- stack-trace -->
                  <em>
(Runs Cucumber Scenarios)                  </em>
                </div> <!-- method-content -->
              </div> <!-- method -->
              <div class="method">
                <div class="method-content">
                  <a name="runScenario(&quot;verify the bank transfer details through bank tranfer id in particular bank BK&quot;, &quot;Bank tab BK&quot;)">
                  </a> <!-- runScenario("verify the bank transfer details through bank tranfer id in particular bank BK", "Bank tab BK") -->
                  <span class="method-name">runScenario</span>
                  <span class="parameters">("verify the bank transfer details through bank tranfer id in particular bank BK","Bank tab BK")</span>
                  <div class="stack-trace">org.openqa.selenium.NoSuchElementException: no such element: Unable to locate element: {&quot;method&quot;:&quot;xpath&quot;,&quot;selector&quot;:&quot;//a[text()=&apos; BNK - 1 &apos;]&quot;}
  (Session info: chrome=140.0.7339.128)
For documentation on this error, please visit: https://www.selenium.dev/documentation/webdriver/troubleshooting/errors#no-such-element-exception
Build info: version: &apos;4.33.0&apos;, revision: &apos;2c6aaad03a&apos;
System info: os.name: &apos;Windows 11&apos;, os.arch: &apos;amd64&apos;, os.version: &apos;10.0&apos;, java.version: &apos;21.0.6&apos;
Driver info: org.openqa.selenium.chrome.ChromeDriver
Command: [bc49a352d5d10b55a00ce2ff2c39ab37, findElement {using=xpath, value=//a[text()=&apos; BNK - 1 &apos;]}]
Capabilities {acceptInsecureCerts: false, browserName: chrome, browserVersion: 140.0.7339.128, chrome: {chromedriverVersion: 140.0.7339.207 (17230b545fd..., userDataDir: C:\Users\user\AppData\Local...}, fedcm:accounts: true, goog:chromeOptions: {debuggerAddress: localhost:51385}, networkConnectionEnabled: false, pageLoadStrategy: normal, platformName: windows, proxy: Proxy(), se:cdp: ws://localhost:51385/devtoo..., se:cdpVersion: 140.0.7339.128, setWindowRect: true, strictFileInteractability: false, timeouts: {implicit: 0, pageLoad: 300000, script: 30000}, unhandledPromptBehavior: dismiss and notify, webauthn:extension:credBlob: true, webauthn:extension:largeBlob: true, webauthn:extension:minPinLength: true, webauthn:extension:prf: true, webauthn:virtualAuthenticators: true}
Session ID: bc49a352d5d10b55a00ce2ff2c39ab37
	at java.base/jdk.internal.reflect.DirectConstructorHandleAccessor.newInstance(DirectConstructorHandleAccessor.java:62)
	at java.base/java.lang.reflect.Constructor.newInstanceWithCaller(Constructor.java:502)
	at java.base/java.lang.reflect.Constructor.newInstance(Constructor.java:486)
	at org.openqa.selenium.remote.ErrorCodec.decode(ErrorCodec.java:167)
	at org.openqa.selenium.remote.codec.w3c.W3CHttpResponseCodec.decode(W3CHttpResponseCodec.java:138)
	at org.openqa.selenium.remote.codec.w3c.W3CHttpResponseCodec.decode(W3CHttpResponseCodec.java:50)
	at org.openqa.selenium.remote.HttpCommandExecutor.execute(HttpCommandExecutor.java:215)
	at org.openqa.selenium.remote.service.DriverCommandExecutor.invokeExecute(DriverCommandExecutor.java:216)
	at org.openqa.selenium.remote.service.DriverCommandExecutor.execute(DriverCommandExecutor.java:174)
	at org.openqa.selenium.remote.RemoteWebDriver.execute(RemoteWebDriver.java:544)
	at org.openqa.selenium.remote.ElementLocation$ElementFinder$2.findElement(ElementLocation.java:165)
	at org.openqa.selenium.remote.ElementLocation.findElement(ElementLocation.java:59)
	at org.openqa.selenium.remote.RemoteWebDriver.findElement(RemoteWebDriver.java:367)
	at org.openqa.selenium.remote.RemoteWebDriver.findElement(RemoteWebDriver.java:361)
	at com.Capium.Utilies.HelperClass.ClickUsingJS(HelperClass.java:356)
	at com.Capium.Actions.BK_bankTab_Overview_action.verifythebanktransferdetailsthroughbanktranferidinparticularbankBK(BK_bankTab_Overview_action.java:1132)
	at com.Capium.stepDefinations.BK_banktab_overview_stepdefinition.verify_the_bank_transfer_details_through_bank_tranfer_id_in_particular_bank_bk(BK_banktab_overview_stepdefinition.java:259)
	at ✽.verify the bank transfer details through bank tranfer id in particular bank BK(file:///C:/Users/user/Downloads/Bookkeeping_5.0%20(2)/Bookkeeping_5.0/Bookkeeping_5.0/src/test/resources/Feature_CapiumPurchase/BK_Bank_overview.feature:130)

</div> <!-- stack-trace -->
                  <em>
(Runs Cucumber Scenarios)                  </em>
                </div> <!-- method-content -->
              </div> <!-- method -->
              <div class="method">
                <div class="method-content">
                  <a name="runScenario(&quot;verify added and edited bank BK&quot;, &quot;Bank tab BK&quot;)">
                  </a> <!-- runScenario("verify added and edited bank BK", "Bank tab BK") -->
                  <span class="method-name">runScenario</span>
                  <span class="parameters">("verify added and edited bank BK","Bank tab BK")</span>
                  <div class="stack-trace">java.lang.AssertionError: add bank popup not  opened
	at org.testng.Assert.fail(Assert.java:111)
	at com.Capium.Actions.BK_bankTab_Overview_action.verifyaddedbankBK(BK_bankTab_Overview_action.java:112)
	at com.Capium.stepDefinations.BK_banktab_overview_stepdefinition.verify_added_bank_bk(BK_banktab_overview_stepdefinition.java:36)
	at ✽.verify added bank BK(file:///C:/Users/user/Downloads/Bookkeeping_5.0%20(2)/Bookkeeping_5.0/Bookkeeping_5.0/src/test/resources/Feature_CapiumPurchase/BK_Bank_overview.feature:16)

</div> <!-- stack-trace -->
                  <em>
(Runs Cucumber Scenarios)                  </em>
                </div> <!-- method-content -->
              </div> <!-- method -->
              <div class="method">
                <div class="method-content">
                  <a name="runScenario(&quot;Click on double arrows in edit bank page and verify the detail boxes are opening or closing BK&quot;, &quot;B...)">
                  </a> <!-- runScenario("Click on double arrows in edit bank page and verify the detail boxes are opening or closing BK", "B...) -->
                  <span class="method-name">runScenario</span>
                  <span class="parameters">("Click on double arrows in edit bank page and verify the detail boxes are opening or closing BK","Bank tab BK")</span>
                  <div class="stack-trace">org.openqa.selenium.NoSuchElementException: no such element: Unable to locate element: {&quot;method&quot;:&quot;xpath&quot;,&quot;selector&quot;:&quot;//mat-icon[normalize-space()=&apos;keyboard_double_arrow_up&apos;]&quot;}
  (Session info: chrome=140.0.7339.128)
For documentation on this error, please visit: https://www.selenium.dev/documentation/webdriver/troubleshooting/errors#no-such-element-exception
Build info: version: &apos;4.33.0&apos;, revision: &apos;2c6aaad03a&apos;
System info: os.name: &apos;Windows 11&apos;, os.arch: &apos;amd64&apos;, os.version: &apos;10.0&apos;, java.version: &apos;21.0.6&apos;
Driver info: org.openqa.selenium.chrome.ChromeDriver
Command: [c7f85e382bb114e16ada6125526c1e2d, findElement {using=xpath, value=//mat-icon[normalize-space()=&apos;keyboard_double_arrow_up&apos;]}]
Capabilities {acceptInsecureCerts: false, browserName: chrome, browserVersion: 140.0.7339.128, chrome: {chromedriverVersion: 140.0.7339.207 (17230b545fd..., userDataDir: C:\Users\user\AppData\Local...}, fedcm:accounts: true, goog:chromeOptions: {debuggerAddress: localhost:63469}, networkConnectionEnabled: false, pageLoadStrategy: normal, platformName: windows, proxy: Proxy(), se:cdp: ws://localhost:63469/devtoo..., se:cdpVersion: 140.0.7339.128, setWindowRect: true, strictFileInteractability: false, timeouts: {implicit: 0, pageLoad: 300000, script: 30000}, unhandledPromptBehavior: dismiss and notify, webauthn:extension:credBlob: true, webauthn:extension:largeBlob: true, webauthn:extension:minPinLength: true, webauthn:extension:prf: true, webauthn:virtualAuthenticators: true}
Session ID: c7f85e382bb114e16ada6125526c1e2d
	at java.base/jdk.internal.reflect.DirectConstructorHandleAccessor.newInstance(DirectConstructorHandleAccessor.java:62)
	at java.base/java.lang.reflect.Constructor.newInstanceWithCaller(Constructor.java:502)
	at java.base/java.lang.reflect.Constructor.newInstance(Constructor.java:486)
	at org.openqa.selenium.remote.ErrorCodec.decode(ErrorCodec.java:167)
	at org.openqa.selenium.remote.codec.w3c.W3CHttpResponseCodec.decode(W3CHttpResponseCodec.java:138)
	at org.openqa.selenium.remote.codec.w3c.W3CHttpResponseCodec.decode(W3CHttpResponseCodec.java:50)
	at org.openqa.selenium.remote.HttpCommandExecutor.execute(HttpCommandExecutor.java:215)
	at org.openqa.selenium.remote.service.DriverCommandExecutor.invokeExecute(DriverCommandExecutor.java:216)
	at org.openqa.selenium.remote.service.DriverCommandExecutor.execute(DriverCommandExecutor.java:174)
	at org.openqa.selenium.remote.RemoteWebDriver.execute(RemoteWebDriver.java:544)
	at org.openqa.selenium.remote.ElementLocation$ElementFinder$2.findElement(ElementLocation.java:165)
	at org.openqa.selenium.remote.ElementLocation.findElement(ElementLocation.java:59)
	at org.openqa.selenium.remote.RemoteWebDriver.findElement(RemoteWebDriver.java:367)
	at org.openqa.selenium.remote.RemoteWebDriver.findElement(RemoteWebDriver.java:361)
	at org.openqa.selenium.support.pagefactory.DefaultElementLocator.findElement(DefaultElementLocator.java:68)
	at org.openqa.selenium.support.pagefactory.internal.LocatingElementHandler.invoke(LocatingElementHandler.java:38)
	at jdk.proxy2/jdk.proxy2.$Proxy33.getWrappedElement(Unknown Source)
	at org.openqa.selenium.remote.WebElementToJsonConverter.apply(WebElementToJsonConverter.java:48)
	at java.base/java.util.stream.ReferencePipeline$3$1.accept(ReferencePipeline.java:197)
	at java.base/java.util.Spliterators$ArraySpliterator.forEachRemaining(Spliterators.java:1024)
	at java.base/java.util.stream.AbstractPipeline.copyInto(AbstractPipeline.java:509)
	at java.base/java.util.stream.AbstractPipeline.wrapAndCopyInto(AbstractPipeline.java:499)
	at java.base/java.util.stream.ReduceOps$ReduceOp.evaluateSequential(ReduceOps.java:921)
	at java.base/java.util.stream.AbstractPipeline.evaluate(AbstractPipeline.java:234)
	at java.base/java.util.stream.ReferencePipeline.collect(ReferencePipeline.java:682)
	at org.openqa.selenium.remote.RemoteWebDriver.executeScript(RemoteWebDriver.java:473)
	at com.Capium.Utilies.HelperClass.ClickUsingJS(HelperClass.java:352)
	at com.Capium.Actions.BK_bankTab_Overview_action.ClickondoublearrowsineditbankpageandverifythedetailboxesareopeningorclosingBK(BK_bankTab_Overview_action.java:230)
	at com.Capium.stepDefinations.BK_banktab_overview_stepdefinition.click_on_double_arrows_in_edit_journal_page_and_verify_the_detail_boxes_are_opening_or_closing_bk(BK_banktab_overview_stepdefinition.java:73)
	at ✽.Click on double arrows in edit bank page and verify the detail boxes are opening or closing BK(file:///C:/Users/user/Downloads/Bookkeeping_5.0%20(2)/Bookkeeping_5.0/Bookkeeping_5.0/src/test/resources/Feature_CapiumPurchase/BK_Bank_overview.feature:35)

</div> <!-- stack-trace -->
                  <em>
(Runs Cucumber Scenarios)                  </em>
                </div> <!-- method-content -->
              </div> <!-- method -->
              <div class="method">
                <div class="method-content">
                  <a name="runScenario(&quot;verify manual imported transaction BK&quot;, &quot;Bank tab BK&quot;)">
                  </a> <!-- runScenario("verify manual imported transaction BK", "Bank tab BK") -->
                  <span class="method-name">runScenario</span>
                  <span class="parameters">("verify manual imported transaction BK","Bank tab BK")</span>
                  <div class="stack-trace">org.openqa.selenium.StaleElementReferenceException: stale element reference: stale element not found in the current frame
  (Session info: chrome=140.0.7339.128)
For documentation on this error, please visit: https://www.selenium.dev/documentation/webdriver/troubleshooting/errors#stale-element-reference-exception
Build info: version: &apos;4.33.0&apos;, revision: &apos;2c6aaad03a&apos;
System info: os.name: &apos;Windows 11&apos;, os.arch: &apos;amd64&apos;, os.version: &apos;10.0&apos;, java.version: &apos;21.0.6&apos;
Driver info: org.openqa.selenium.chrome.ChromeDriver
Command: [55df2ef1d37180919f958a8523f639b0, executeScript {args=[{element-6066-11e4-a52e-4f735466cecf=f.BB0A4914624BE77CB249017F16BE7739.d.11EDE7CA4BA580AE47C0D72BECAA608B.e.250}], script=arguments[0].click();}]
Capabilities {acceptInsecureCerts: false, browserName: chrome, browserVersion: 140.0.7339.128, chrome: {chromedriverVersion: 140.0.7339.207 (17230b545fd..., userDataDir: C:\Users\user\AppData\Local...}, fedcm:accounts: true, goog:chromeOptions: {debuggerAddress: localhost:63985}, networkConnectionEnabled: false, pageLoadStrategy: normal, platformName: windows, proxy: Proxy(), se:cdp: ws://localhost:63985/devtoo..., se:cdpVersion: 140.0.7339.128, setWindowRect: true, strictFileInteractability: false, timeouts: {implicit: 0, pageLoad: 300000, script: 30000}, unhandledPromptBehavior: dismiss and notify, webauthn:extension:credBlob: true, webauthn:extension:largeBlob: true, webauthn:extension:minPinLength: true, webauthn:extension:prf: true, webauthn:virtualAuthenticators: true}
Session ID: 55df2ef1d37180919f958a8523f639b0
	at java.base/jdk.internal.reflect.DirectConstructorHandleAccessor.newInstance(DirectConstructorHandleAccessor.java:62)
	at java.base/java.lang.reflect.Constructor.newInstanceWithCaller(Constructor.java:502)
	at java.base/java.lang.reflect.Constructor.newInstance(Constructor.java:486)
	at org.openqa.selenium.remote.ErrorCodec.decode(ErrorCodec.java:167)
	at org.openqa.selenium.remote.codec.w3c.W3CHttpResponseCodec.decode(W3CHttpResponseCodec.java:138)
	at org.openqa.selenium.remote.codec.w3c.W3CHttpResponseCodec.decode(W3CHttpResponseCodec.java:50)
	at org.openqa.selenium.remote.HttpCommandExecutor.execute(HttpCommandExecutor.java:215)
	at org.openqa.selenium.remote.service.DriverCommandExecutor.invokeExecute(DriverCommandExecutor.java:216)
	at org.openqa.selenium.remote.service.DriverCommandExecutor.execute(DriverCommandExecutor.java:174)
	at org.openqa.selenium.remote.RemoteWebDriver.execute(RemoteWebDriver.java:544)
	at org.openqa.selenium.remote.RemoteWebDriver.executeScript(RemoteWebDriver.java:475)
	at com.Capium.Utilies.HelperClass.ClickUsingJS(HelperClass.java:352)
	at com.Capium.Actions.BK_bankTab_Overview_action.importthetransactionsBK(BK_bankTab_Overview_action.java:335)
	at com.Capium.stepDefinations.BK_banktab_overview_stepdefinition.import_the_transactions_bk(BK_banktab_overview_stepdefinition.java:91)
	at ✽.import the transactions BK(file:///C:/Users/user/Downloads/Bookkeeping_5.0%20(2)/Bookkeeping_5.0/Bookkeeping_5.0/src/test/resources/Feature_CapiumPurchase/BK_Bank_overview.feature:48)

</div> <!-- stack-trace -->
                  <em>
(Runs Cucumber Scenarios)                  </em>
                </div> <!-- method-content -->
              </div> <!-- method -->
              <div class="method">
                <div class="method-content">
                  <a name="runScenario(&quot;verify the payment for payments BK&quot;, &quot;Bank tab BK&quot;)">
                  </a> <!-- runScenario("verify the payment for payments BK", "Bank tab BK") -->
                  <span class="method-name">runScenario</span>
                  <span class="parameters">("verify the payment for payments BK","Bank tab BK")</span>
                  <div class="stack-trace">java.lang.AssertionError: Create payment page is not navigated
	at org.testng.Assert.fail(Assert.java:111)
	at com.Capium.Actions.BK_bankTab_Overview_action.verifythepaymentforpaymentsBK(BK_bankTab_Overview_action.java:549)
	at com.Capium.stepDefinations.BK_banktab_overview_stepdefinition.verify_the_payment_for_payments_bk(BK_banktab_overview_stepdefinition.java:169)
	at ✽.verify the payment for payments BK(file:///C:/Users/user/Downloads/Bookkeeping_5.0%20(2)/Bookkeeping_5.0/Bookkeeping_5.0/src/test/resources/Feature_CapiumPurchase/BK_Bank_overview.feature:65)

</div> <!-- stack-trace -->
                  <em>
(Runs Cucumber Scenarios)                  </em>
                </div> <!-- method-content -->
              </div> <!-- method -->
            </div> <!-- main-panel-content rounded-window-bottom -->
          </div> <!-- suite-Default_suite-class-failed -->
          <div class="suite-Default_suite-class-passed">
            <div class="main-panel-header rounded-window-top">
              <img src="passed.png"/>
              <span class="class-name">com.Capium.TestRunFiles.BK_bank_Overview_runner</span>
            </div> <!-- main-panel-header rounded-window-top -->
            <div class="main-panel-content rounded-window-bottom">
              <div class="method">
                <div class="method-content">
                  <a name="runScenario(&quot;Click on plus symbol in bank main menu and enabled options in edit page BK&quot;, &quot;Bank tab BK&quot;)">
                  </a> <!-- runScenario("Click on plus symbol in bank main menu and enabled options in edit page BK", "Bank tab BK") -->
                  <span class="method-name">runScenario</span>
                  <span class="parameters">("Click on plus symbol in bank main menu and enabled options in edit page BK","Bank tab BK")</span>
                  <em>
(Runs Cucumber Scenarios)                  </em>
                </div> <!-- method-content -->
              </div> <!-- method -->
              <div class="method">
                <div class="method-content">
                  <a name="runScenario(&quot;verify the invoice for receipts BK&quot;, &quot;Bank tab BK&quot;)">
                  </a> <!-- runScenario("verify the invoice for receipts BK", "Bank tab BK") -->
                  <span class="method-name">runScenario</span>
                  <span class="parameters">("verify the invoice for receipts BK","Bank tab BK")</span>
                  <em>
(Runs Cucumber Scenarios)                  </em>
                </div> <!-- method-content -->
              </div> <!-- method -->
              <div class="method">
                <div class="method-content">
                  <a name="runScenario(&quot;verify the receipts for receipts BK&quot;, &quot;Bank tab BK&quot;)">
                  </a> <!-- runScenario("verify the receipts for receipts BK", "Bank tab BK") -->
                  <span class="method-name">runScenario</span>
                  <span class="parameters">("verify the receipts for receipts BK","Bank tab BK")</span>
                  <em>
(Runs Cucumber Scenarios)                  </em>
                </div> <!-- method-content -->
              </div> <!-- method -->
              <div class="method">
                <div class="method-content">
                  <a name="runScenario(&quot;verify the multiple transaction for journal BK&quot;, &quot;Bank tab BK&quot;)">
                  </a> <!-- runScenario("verify the multiple transaction for journal BK", "Bank tab BK") -->
                  <span class="method-name">runScenario</span>
                  <span class="parameters">("verify the multiple transaction for journal BK","Bank tab BK")</span>
                  <em>
(Runs Cucumber Scenarios)                  </em>
                </div> <!-- method-content -->
              </div> <!-- method -->
              <div class="method">
                <div class="method-content">
                  <a name="runScenario(&quot;verify the journal BK&quot;, &quot;Bank tab BK&quot;)">
                  </a> <!-- runScenario("verify the journal BK", "Bank tab BK") -->
                  <span class="method-name">runScenario</span>
                  <span class="parameters">("verify the journal BK","Bank tab BK")</span>
                  <em>
(Runs Cucumber Scenarios)                  </em>
                </div> <!-- method-content -->
              </div> <!-- method -->
              <div class="method">
                <div class="method-content">
                  <a name="runScenario(&quot;verify the bank transfer BK&quot;, &quot;Bank tab BK&quot;)">
                  </a> <!-- runScenario("verify the bank transfer BK", "Bank tab BK") -->
                  <span class="method-name">runScenario</span>
                  <span class="parameters">("verify the bank transfer BK","Bank tab BK")</span>
                  <em>
(Runs Cucumber Scenarios)                  </em>
                </div> <!-- method-content -->
              </div> <!-- method -->
              <div class="method">
                <div class="method-content">
                  <a name="runScenario(&quot;verify the multiple transaction for receipt and payment BK&quot;, &quot;Bank tab BK&quot;)">
                  </a> <!-- runScenario("verify the multiple transaction for receipt and payment BK", "Bank tab BK") -->
                  <span class="method-name">runScenario</span>
                  <span class="parameters">("verify the multiple transaction for receipt and payment BK","Bank tab BK")</span>
                  <em>
(Runs Cucumber Scenarios)                  </em>
                </div> <!-- method-content -->
              </div> <!-- method -->
              <div class="method">
                <div class="method-content">
                  <a name="runScenario(&quot;verify search bar and reconcile icon in main grid BK&quot;, &quot;Bank tab BK&quot;)">
                  </a> <!-- runScenario("verify search bar and reconcile icon in main grid BK", "Bank tab BK") -->
                  <span class="method-name">runScenario</span>
                  <span class="parameters">("verify search bar and reconcile icon in main grid BK","Bank tab BK")</span>
                  <em>
(Runs Cucumber Scenarios)                  </em>
                </div> <!-- method-content -->
              </div> <!-- method -->
              <div class="method">
                <div class="method-content">
                  <a name="runScenario(&quot;verify the purchase for payments BK&quot;, &quot;Bank tab BK&quot;)">
                  </a> <!-- runScenario("verify the purchase for payments BK", "Bank tab BK") -->
                  <span class="method-name">runScenario</span>
                  <span class="parameters">("verify the purchase for payments BK","Bank tab BK")</span>
                  <em>
(Runs Cucumber Scenarios)                  </em>
                </div> <!-- method-content -->
              </div> <!-- method -->
              <div class="method">
                <div class="method-content">
                  <a name="runScenario(&quot;verify the period dropdown BK&quot;, &quot;Bank tab BK&quot;)">
                  </a> <!-- runScenario("verify the period dropdown BK", "Bank tab BK") -->
                  <span class="method-name">runScenario</span>
                  <span class="parameters">("verify the period dropdown BK","Bank tab BK")</span>
                  <em>
(Runs Cucumber Scenarios)                  </em>
                </div> <!-- method-content -->
              </div> <!-- method -->
            </div> <!-- main-panel-content rounded-window-bottom -->
          </div> <!-- suite-Default_suite-class-passed -->
        </div> <!-- panel Default_suite -->
        <div panel-name="test-xml-Default_suite" class="panel">
          <div class="main-panel-header rounded-window-top">
            <span class="header-content">C:\Users\user\AppData\Local\Temp\testng-eclipse--464414038\testng-customsuite.xml</span>
          </div> <!-- main-panel-header rounded-window-top -->
          <div class="main-panel-content rounded-window-bottom">
            <pre>
&lt;?xml version=&quot;1.0&quot; encoding=&quot;UTF-8&quot;?&gt;
&lt;!DOCTYPE suite SYSTEM &quot;https://testng.org/testng-1.0.dtd&quot;&gt;
&lt;suite name=&quot;Default suite&quot; guice-stage=&quot;DEVELOPMENT&quot;&gt;
  &lt;test thread-count=&quot;5&quot; name=&quot;Default test&quot; verbose=&quot;2&quot;&gt;
    &lt;classes&gt;
      &lt;class name=&quot;com.Capium.TestRunFiles.BK_bank_Overview_runner&quot;/&gt;
    &lt;/classes&gt;
  &lt;/test&gt; &lt;!-- Default test --&gt;
&lt;/suite&gt; &lt;!-- Default suite --&gt;
            </pre>
          </div> <!-- main-panel-content rounded-window-bottom -->
        </div> <!-- panel -->
        <div panel-name="testlist-Default_suite" class="panel">
          <div class="main-panel-header rounded-window-top">
            <span class="header-content">Tests for Default suite</span>
          </div> <!-- main-panel-header rounded-window-top -->
          <div class="main-panel-content rounded-window-bottom">
            <ul>
              <li>
                <span class="test-name">Default test (1 class)</span>
              </li>
            </ul>
          </div> <!-- main-panel-content rounded-window-bottom -->
        </div> <!-- panel -->
        <div panel-name="group-Default_suite" class="panel">
          <div class="main-panel-header rounded-window-top">
            <span class="header-content">Groups for Default suite</span>
          </div> <!-- main-panel-header rounded-window-top -->
          <div class="main-panel-content rounded-window-bottom">
            <div class="test-group">
              <span class="test-group-name">cucumber</span>
              <br/>
              <div class="method-in-group">
                <span class="method-in-group-name">runScenario</span>
                <br/>
              </div> <!-- method-in-group -->
            </div> <!-- test-group -->
          </div> <!-- main-panel-content rounded-window-bottom -->
        </div> <!-- panel -->
        <div panel-name="times-Default_suite" class="panel">
          <div class="main-panel-header rounded-window-top">
            <span class="header-content">Times for Default suite</span>
          </div> <!-- main-panel-header rounded-window-top -->
          <div class="main-panel-content rounded-window-bottom">
            <div class="times-div">
              <script type="text/javascript">
suiteTableInitFunctions.push('tableData_Default_suite');
function tableData_Default_suite() {
var data = new google.visualization.DataTable();
data.addColumn('number', 'Number');
data.addColumn('string', 'Method');
data.addColumn('string', 'Class');
data.addColumn('number', 'Time (ms)');
data.addRows(19);
data.setCell(0, 0, 0)
data.setCell(0, 1, 'runScenario')
data.setCell(0, 2, 'com.Capium.TestRunFiles.BK_bank_Overview_runner')
data.setCell(0, 3, 262420);
data.setCell(1, 0, 1)
data.setCell(1, 1, 'runScenario')
data.setCell(1, 2, 'com.Capium.TestRunFiles.BK_bank_Overview_runner')
data.setCell(1, 3, 212815);
data.setCell(2, 0, 2)
data.setCell(2, 1, 'runScenario')
data.setCell(2, 2, 'com.Capium.TestRunFiles.BK_bank_Overview_runner')
data.setCell(2, 3, 205649);
data.setCell(3, 0, 3)
data.setCell(3, 1, 'runScenario')
data.setCell(3, 2, 'com.Capium.TestRunFiles.BK_bank_Overview_runner')
data.setCell(3, 3, 197954);
data.setCell(4, 0, 4)
data.setCell(4, 1, 'runScenario')
data.setCell(4, 2, 'com.Capium.TestRunFiles.BK_bank_Overview_runner')
data.setCell(4, 3, 197207);
data.setCell(5, 0, 5)
data.setCell(5, 1, 'runScenario')
data.setCell(5, 2, 'com.Capium.TestRunFiles.BK_bank_Overview_runner')
data.setCell(5, 3, 192563);
data.setCell(6, 0, 6)
data.setCell(6, 1, 'runScenario')
data.setCell(6, 2, 'com.Capium.TestRunFiles.BK_bank_Overview_runner')
data.setCell(6, 3, 191724);
data.setCell(7, 0, 7)
data.setCell(7, 1, 'runScenario')
data.setCell(7, 2, 'com.Capium.TestRunFiles.BK_bank_Overview_runner')
data.setCell(7, 3, 191485);
data.setCell(8, 0, 8)
data.setCell(8, 1, 'runScenario')
data.setCell(8, 2, 'com.Capium.TestRunFiles.BK_bank_Overview_runner')
data.setCell(8, 3, 188880);
data.setCell(9, 0, 9)
data.setCell(9, 1, 'runScenario')
data.setCell(9, 2, 'com.Capium.TestRunFiles.BK_bank_Overview_runner')
data.setCell(9, 3, 187124);
data.setCell(10, 0, 10)
data.setCell(10, 1, 'runScenario')
data.setCell(10, 2, 'com.Capium.TestRunFiles.BK_bank_Overview_runner')
data.setCell(10, 3, 182575);
data.setCell(11, 0, 11)
data.setCell(11, 1, 'runScenario')
data.setCell(11, 2, 'com.Capium.TestRunFiles.BK_bank_Overview_runner')
data.setCell(11, 3, 171294);
data.setCell(12, 0, 12)
data.setCell(12, 1, 'runScenario')
data.setCell(12, 2, 'com.Capium.TestRunFiles.BK_bank_Overview_runner')
data.setCell(12, 3, 159581);
data.setCell(13, 0, 13)
data.setCell(13, 1, 'runScenario')
data.setCell(13, 2, 'com.Capium.TestRunFiles.BK_bank_Overview_runner')
data.setCell(13, 3, 153452);
data.setCell(14, 0, 14)
data.setCell(14, 1, 'runScenario')
data.setCell(14, 2, 'com.Capium.TestRunFiles.BK_bank_Overview_runner')
data.setCell(14, 3, 148763);
data.setCell(15, 0, 15)
data.setCell(15, 1, 'runScenario')
data.setCell(15, 2, 'com.Capium.TestRunFiles.BK_bank_Overview_runner')
data.setCell(15, 3, 137835);
data.setCell(16, 0, 16)
data.setCell(16, 1, 'runScenario')
data.setCell(16, 2, 'com.Capium.TestRunFiles.BK_bank_Overview_runner')
data.setCell(16, 3, 137673);
data.setCell(17, 0, 17)
data.setCell(17, 1, 'runScenario')
data.setCell(17, 2, 'com.Capium.TestRunFiles.BK_bank_Overview_runner')
data.setCell(17, 3, 135971);
data.setCell(18, 0, 18)
data.setCell(18, 1, 'runScenario')
data.setCell(18, 2, 'com.Capium.TestRunFiles.BK_bank_Overview_runner')
data.setCell(18, 3, 131859);
window.suiteTableData['Default_suite']= { tableData: data, tableDiv: 'times-div-Default_suite'}
return data;
}
              </script>
              <span class="suite-total-time">Total running time: 56 minutes</span>
              <div id="times-div-Default_suite">
              </div> <!-- times-div-Default_suite -->
            </div> <!-- times-div -->
          </div> <!-- main-panel-content rounded-window-bottom -->
        </div> <!-- panel -->
        <div panel-name="reporter-Default_suite" class="panel">
          <div class="main-panel-header rounded-window-top">
            <span class="header-content">Reporter output for Default suite</span>
          </div> <!-- main-panel-header rounded-window-top -->
          <div class="main-panel-content rounded-window-bottom">
          </div> <!-- main-panel-content rounded-window-bottom -->
        </div> <!-- panel -->
        <div panel-name="ignored-methods-Default_suite" class="panel">
          <div class="main-panel-header rounded-window-top">
            <span class="header-content">0 ignored methods</span>
          </div> <!-- main-panel-header rounded-window-top -->
          <div class="main-panel-content rounded-window-bottom">
          </div> <!-- main-panel-content rounded-window-bottom -->
        </div> <!-- panel -->
        <div panel-name="chronological-Default_suite" class="panel">
          <div class="main-panel-header rounded-window-top">
            <span class="header-content">Methods in chronological order</span>
          </div> <!-- main-panel-header rounded-window-top -->
          <div class="main-panel-content rounded-window-bottom">
            <div class="chronological-class">
              <div class="chronological-class-name">com.Capium.TestRunFiles.BK_bank_Overview_runner</div> <!-- chronological-class-name -->
              <div class="configuration-class before">
                <span class="method-name">setUpClass(org.testng.TestRunner@37e4301f)</span>
                <span class="method-start">0 ms</span>
              </div> <!-- configuration-class before -->
              <div class="test-method">
                <img src="failed.png">
                </img>
                <span class="method-name">runScenario("verify added and edited bank BK", "Bank tab BK")</span>
                <span class="method-start">5341 ms</span>
              </div> <!-- test-method -->
              <div class="test-method">
                <span class="method-name">runScenario("Click on plus symbol in bank main menu and enabled options in edit page BK", "Bank tab BK")</span>
                <span class="method-start">210998 ms</span>
              </div> <!-- test-method -->
              <div class="test-method">
                <img src="failed.png">
                </img>
                <span class="method-name">runScenario("Verify search icon and cross mark and double arrows in edit bank page  BK", "Bank tab BK")</span>
                <span class="method-start">403566 ms</span>
              </div> <!-- test-method -->
              <div class="test-method">
                <img src="failed.png">
                </img>
                <span class="method-name">runScenario("Click on double arrows in edit bank page and verify the detail boxes are opening or closing BK", "B...)</span>
                <span class="method-start">563150 ms</span>
              </div> <!-- test-method -->
              <div class="test-method">
                <span class="method-name">runScenario("verify search bar and reconcile icon in main grid BK", "Bank tab BK")</span>
                <span class="method-start">700991 ms</span>
              </div> <!-- test-method -->
              <div class="test-method">
                <img src="failed.png">
                </img>
                <span class="method-name">runScenario("verify manual imported transaction BK", "Bank tab BK")</span>
                <span class="method-start">892718 ms</span>
              </div> <!-- test-method -->
              <div class="test-method">
                <span class="method-name">runScenario("verify the journal BK", "Bank tab BK")</span>
                <span class="method-start">1081602 ms</span>
              </div> <!-- test-method -->
              <div class="test-method">
                <img src="failed.png">
                </img>
                <span class="method-name">runScenario("verify the payment for payments BK", "Bank tab BK")</span>
                <span class="method-start">1213465 ms</span>
              </div> <!-- test-method -->
              <div class="test-method">
                <span class="method-name">runScenario("verify the bank transfer BK", "Bank tab BK")</span>
                <span class="method-start">1400592 ms</span>
              </div> <!-- test-method -->
              <div class="test-method">
                <span class="method-name">runScenario("verify the purchase for payments BK", "Bank tab BK")</span>
                <span class="method-start">1538269 ms</span>
              </div> <!-- test-method -->
              <div class="test-method">
                <span class="method-name">runScenario("verify the multiple transaction for receipt and payment BK", "Bank tab BK")</span>
                <span class="method-start">1729757 ms</span>
              </div> <!-- test-method -->
              <div class="test-method">
                <span class="method-name">runScenario("verify the multiple transaction for journal BK", "Bank tab BK")</span>
                <span class="method-start">1926967 ms</span>
              </div> <!-- test-method -->
              <div class="test-method">
                <img src="failed.png">
                </img>
                <span class="method-name">runScenario("verify the refund BK", "Bank tab BK")</span>
                <span class="method-start">2139784 ms</span>
              </div> <!-- test-method -->
              <div class="test-method">
                <img src="failed.png">
                </img>
                <span class="method-name">runScenario("verify the refund for credit note BK", "Bank tab BK")</span>
                <span class="method-start">2293239 ms</span>
              </div> <!-- test-method -->
              <div class="test-method">
                <span class="method-name">runScenario("verify the invoice for receipts BK", "Bank tab BK")</span>
                <span class="method-start">2442005 ms</span>
              </div> <!-- test-method -->
              <div class="test-method">
                <span class="method-name">runScenario("verify the receipts for receipts BK", "Bank tab BK")</span>
                <span class="method-start">2624583 ms</span>
              </div> <!-- test-method -->
              <div class="test-method">
                <span class="method-name">runScenario("verify the period dropdown BK", "Bank tab BK")</span>
                <span class="method-start">2795879 ms</span>
              </div> <!-- test-method -->
              <div class="test-method">
                <img src="failed.png">
                </img>
                <span class="method-name">runScenario("Verify download and edit options in journal id in cash in hand BK", "Bank tab BK")</span>
                <span class="method-start">3058300 ms</span>
              </div> <!-- test-method -->
              <div class="test-method">
                <img src="failed.png">
                </img>
                <span class="method-name">runScenario("verify the bank transfer details through bank tranfer id in particular bank BK", "Bank tab BK")</span>
                <span class="method-start">3256257 ms</span>
              </div> <!-- test-method -->
              <div class="configuration-class after">
                <span class="method-name">tearDownClass</span>
                <span class="method-start">3392233 ms</span>
              </div> <!-- configuration-class after -->
          </div> <!-- main-panel-content rounded-window-bottom -->
        </div> <!-- panel -->
      </div> <!-- main-panel-root -->
    </div> <!-- wrapper -->
  </body>
<script type="text/javascript" src="testng-reports2.js"></script>
</html>
