<?xml version="1.0" encoding="UTF-8"?>
<testng-results ignored="0" total="19" passed="10" failed="9" skipped="0">
  <reporter-output>
  </reporter-output>
  <suite started-at="2025-09-28T11:48:11 IST" name="Default suite" finished-at="2025-09-28T12:44:44 IST" duration-ms="3393453">
    <groups>
      <group name="cucumber">
        <method signature="AbstractTestNGCucumberTests.runScenario(io.cucumber.testng.PickleWrapper,io.cucumber.testng.FeatureWrapper)[pri:0, instance:com.Capium.TestRunFiles.BK_bank_Overview_runner@445b295b]" name="runScenario" class="io.cucumber.testng.AbstractTestNGCucumberTests"/>
      </group> <!-- cucumber -->
    </groups>
    <test started-at="2025-09-28T11:48:11 IST" name="Default test" finished-at="2025-09-28T12:44:44 IST" duration-ms="3393453">
      <class name="com.Capium.TestRunFiles.BK_bank_Overview_runner">
        <test-method is-config="true" signature="setUpClass(org.testng.ITestContext)[pri:0, instance:com.Capium.TestRunFiles.BK_bank_Overview_runner@445b295b]" started-at="2025-09-28T11:48:11 IST" name="setUpClass" finished-at="2025-09-28T11:48:16 IST" duration-ms="5326" status="PASS">
          <params>
            <param index="0">
              <value>
                <![CDATA[org.testng.TestRunner@37e4301f]]>
              </value>
            </param>
          </params>
          <reporter-output>
          </reporter-output>
        </test-method> <!-- setUpClass -->
        <test-method signature="runScenario(io.cucumber.testng.PickleWrapper,io.cucumber.testng.FeatureWrapper)[pri:0, instance:com.Capium.TestRunFiles.BK_bank_Overview_runner@445b295b]" started-at="2025-09-28T11:48:16 IST" name="runScenario" description="Runs Cucumber Scenarios" data-provider="scenarios" finished-at="2025-09-28T11:51:42 IST" duration-ms="205649" status="FAIL">
          <params>
            <param index="0">
              <value>
                <![CDATA["verify added and edited bank BK"]]>
              </value>
            </param>
            <param index="1">
              <value>
                <![CDATA["Bank tab BK"]]>
              </value>
            </param>
          </params>
          <exception class="java.lang.AssertionError">
            <message>
              <![CDATA[add bank popup not  opened]]>
            </message>
            <full-stacktrace>
              <![CDATA[java.lang.AssertionError: add bank popup not  opened
at org.testng.Assert.fail(Assert.java:111)
at com.Capium.Actions.BK_bankTab_Overview_action.verifyaddedbankBK(BK_bankTab_Overview_action.java:112)
at com.Capium.stepDefinations.BK_banktab_overview_stepdefinition.verify_added_bank_bk(BK_banktab_overview_stepdefinition.java:36)
at ✽.verify added bank BK(file:///C:/Users/user/Downloads/Bookkeeping_5.0%20(2)/Bookkeeping_5.0/Bookkeeping_5.0/src/test/resources/Feature_CapiumPurchase/BK_Bank_overview.feature:16)
]]>
            </full-stacktrace>
          </exception> <!-- java.lang.AssertionError -->
          <reporter-output>
          </reporter-output>
        </test-method> <!-- runScenario -->
        <test-method signature="runScenario(io.cucumber.testng.PickleWrapper,io.cucumber.testng.FeatureWrapper)[pri:0, instance:com.Capium.TestRunFiles.BK_bank_Overview_runner@445b295b]" started-at="2025-09-28T11:51:42 IST" name="runScenario" description="Runs Cucumber Scenarios" data-provider="scenarios" finished-at="2025-09-28T11:54:54 IST" duration-ms="192563" status="PASS">
          <params>
            <param index="0">
              <value>
                <![CDATA["Click on plus symbol in bank main menu and enabled options in edit page BK"]]>
              </value>
            </param>
            <param index="1">
              <value>
                <![CDATA["Bank tab BK"]]>
              </value>
            </param>
          </params>
          <reporter-output>
          </reporter-output>
        </test-method> <!-- runScenario -->
        <test-method signature="runScenario(io.cucumber.testng.PickleWrapper,io.cucumber.testng.FeatureWrapper)[pri:0, instance:com.Capium.TestRunFiles.BK_bank_Overview_runner@445b295b]" started-at="2025-09-28T11:54:54 IST" name="runScenario" description="Runs Cucumber Scenarios" data-provider="scenarios" finished-at="2025-09-28T11:57:34 IST" duration-ms="159581" status="FAIL">
          <params>
            <param index="0">
              <value>
                <![CDATA["Verify search icon and cross mark and double arrows in edit bank page  BK"]]>
              </value>
            </param>
            <param index="1">
              <value>
                <![CDATA["Bank tab BK"]]>
              </value>
            </param>
          </params>
          <exception class="java.lang.AssertionError">
            <message>
              <![CDATA[cross mark clicked. Actual: ]]>
            </message>
            <full-stacktrace>
              <![CDATA[java.lang.AssertionError: cross mark clicked. Actual: 
at org.testng.Assert.fail(Assert.java:111)
at com.Capium.Actions.BK_bankTab_Overview_action.VerifysearchiconandcrossmarkineditbankpageBK(BK_bankTab_Overview_action.java:220)
at com.Capium.stepDefinations.BK_banktab_overview_stepdefinition.verify_search_icon_and_cross_mark_in_edit_journal_page_bk(BK_banktab_overview_stepdefinition.java:67)
at ✽.Verify search icon and cross mark in edit bank page BK(file:///C:/Users/user/Downloads/Bookkeeping_5.0%20(2)/Bookkeeping_5.0/Bookkeeping_5.0/src/test/resources/Feature_CapiumPurchase/BK_Bank_overview.feature:29)
]]>
            </full-stacktrace>
          </exception> <!-- java.lang.AssertionError -->
          <reporter-output>
          </reporter-output>
        </test-method> <!-- runScenario -->
        <test-method signature="runScenario(io.cucumber.testng.PickleWrapper,io.cucumber.testng.FeatureWrapper)[pri:0, instance:com.Capium.TestRunFiles.BK_bank_Overview_runner@445b295b]" started-at="2025-09-28T11:57:34 IST" name="runScenario" description="Runs Cucumber Scenarios" data-provider="scenarios" finished-at="2025-09-28T11:59:52 IST" duration-ms="137835" status="FAIL">
          <params>
            <param index="0">
              <value>
                <![CDATA["Click on double arrows in edit bank page and verify the detail boxes are opening or closing BK"]]>
              </value>
            </param>
            <param index="1">
              <value>
                <![CDATA["Bank tab BK"]]>
              </value>
            </param>
          </params>
          <exception class="org.openqa.selenium.NoSuchElementException">
            <message>
              <![CDATA[no such element: Unable to locate element: {"method":"xpath","selector":"//mat-icon[normalize-space()='keyboard_double_arrow_up']"}
  (Session info: chrome=140.0.7339.128)
For documentation on this error, please visit: https://www.selenium.dev/documentation/webdriver/troubleshooting/errors#no-such-element-exception
Build info: version: '4.33.0', revision: '2c6aaad03a'
System info: os.name: 'Windows 11', os.arch: 'amd64', os.version: '10.0', java.version: '21.0.6'
Driver info: org.openqa.selenium.chrome.ChromeDriver
Command: [c7f85e382bb114e16ada6125526c1e2d, findElement {using=xpath, value=//mat-icon[normalize-space()='keyboard_double_arrow_up']}]
Capabilities {acceptInsecureCerts: false, browserName: chrome, browserVersion: 140.0.7339.128, chrome: {chromedriverVersion: 140.0.7339.207 (17230b545fd..., userDataDir: C:\Users\user\AppData\Local...}, fedcm:accounts: true, goog:chromeOptions: {debuggerAddress: localhost:63469}, networkConnectionEnabled: false, pageLoadStrategy: normal, platformName: windows, proxy: Proxy(), se:cdp: ws://localhost:63469/devtoo..., se:cdpVersion: 140.0.7339.128, setWindowRect: true, strictFileInteractability: false, timeouts: {implicit: 0, pageLoad: 300000, script: 30000}, unhandledPromptBehavior: dismiss and notify, webauthn:extension:credBlob: true, webauthn:extension:largeBlob: true, webauthn:extension:minPinLength: true, webauthn:extension:prf: true, webauthn:virtualAuthenticators: true}
Session ID: c7f85e382bb114e16ada6125526c1e2d]]>
            </message>
            <full-stacktrace>
              <![CDATA[org.openqa.selenium.NoSuchElementException: no such element: Unable to locate element: {"method":"xpath","selector":"//mat-icon[normalize-space()='keyboard_double_arrow_up']"}
  (Session info: chrome=140.0.7339.128)
For documentation on this error, please visit: https://www.selenium.dev/documentation/webdriver/troubleshooting/errors#no-such-element-exception
Build info: version: '4.33.0', revision: '2c6aaad03a'
System info: os.name: 'Windows 11', os.arch: 'amd64', os.version: '10.0', java.version: '21.0.6'
Driver info: org.openqa.selenium.chrome.ChromeDriver
Command: [c7f85e382bb114e16ada6125526c1e2d, findElement {using=xpath, value=//mat-icon[normalize-space()='keyboard_double_arrow_up']}]
Capabilities {acceptInsecureCerts: false, browserName: chrome, browserVersion: 140.0.7339.128, chrome: {chromedriverVersion: 140.0.7339.207 (17230b545fd..., userDataDir: C:\Users\user\AppData\Local...}, fedcm:accounts: true, goog:chromeOptions: {debuggerAddress: localhost:63469}, networkConnectionEnabled: false, pageLoadStrategy: normal, platformName: windows, proxy: Proxy(), se:cdp: ws://localhost:63469/devtoo..., se:cdpVersion: 140.0.7339.128, setWindowRect: true, strictFileInteractability: false, timeouts: {implicit: 0, pageLoad: 300000, script: 30000}, unhandledPromptBehavior: dismiss and notify, webauthn:extension:credBlob: true, webauthn:extension:largeBlob: true, webauthn:extension:minPinLength: true, webauthn:extension:prf: true, webauthn:virtualAuthenticators: true}
Session ID: c7f85e382bb114e16ada6125526c1e2d
at java.base/jdk.internal.reflect.DirectConstructorHandleAccessor.newInstance(DirectConstructorHandleAccessor.java:62)
at java.base/java.lang.reflect.Constructor.newInstanceWithCaller(Constructor.java:502)
at java.base/java.lang.reflect.Constructor.newInstance(Constructor.java:486)
at org.openqa.selenium.remote.ErrorCodec.decode(ErrorCodec.java:167)
at org.openqa.selenium.remote.codec.w3c.W3CHttpResponseCodec.decode(W3CHttpResponseCodec.java:138)
at org.openqa.selenium.remote.codec.w3c.W3CHttpResponseCodec.decode(W3CHttpResponseCodec.java:50)
at org.openqa.selenium.remote.HttpCommandExecutor.execute(HttpCommandExecutor.java:215)
at org.openqa.selenium.remote.service.DriverCommandExecutor.invokeExecute(DriverCommandExecutor.java:216)
at org.openqa.selenium.remote.service.DriverCommandExecutor.execute(DriverCommandExecutor.java:174)
at org.openqa.selenium.remote.RemoteWebDriver.execute(RemoteWebDriver.java:544)
at org.openqa.selenium.remote.ElementLocation$ElementFinder$2.findElement(ElementLocation.java:165)
at org.openqa.selenium.remote.ElementLocation.findElement(ElementLocation.java:59)
at org.openqa.selenium.remote.RemoteWebDriver.findElement(RemoteWebDriver.java:367)
at org.openqa.selenium.remote.RemoteWebDriver.findElement(RemoteWebDriver.java:361)
at org.openqa.selenium.support.pagefactory.DefaultElementLocator.findElement(DefaultElementLocator.java:68)
at org.openqa.selenium.support.pagefactory.internal.LocatingElementHandler.invoke(LocatingElementHandler.java:38)
at jdk.proxy2/jdk.proxy2.$Proxy33.getWrappedElement(Unknown Source)
at org.openqa.selenium.remote.WebElementToJsonConverter.apply(WebElementToJsonConverter.java:48)
at java.base/java.util.stream.ReferencePipeline$3$1.accept(ReferencePipeline.java:197)
at java.base/java.util.Spliterators$ArraySpliterator.forEachRemaining(Spliterators.java:1024)
at java.base/java.util.stream.AbstractPipeline.copyInto(AbstractPipeline.java:509)
at java.base/java.util.stream.AbstractPipeline.wrapAndCopyInto(AbstractPipeline.java:499)
at java.base/java.util.stream.ReduceOps$ReduceOp.evaluateSequential(ReduceOps.java:921)
at java.base/java.util.stream.AbstractPipeline.evaluate(AbstractPipeline.java:234)
at java.base/java.util.stream.ReferencePipeline.collect(ReferencePipeline.java:682)
at org.openqa.selenium.remote.RemoteWebDriver.executeScript(RemoteWebDriver.java:473)
at com.Capium.Utilies.HelperClass.ClickUsingJS(HelperClass.java:352)
at com.Capium.Actions.BK_bankTab_Overview_action.ClickondoublearrowsineditbankpageandverifythedetailboxesareopeningorclosingBK(BK_bankTab_Overview_action.java:230)
at com.Capium.stepDefinations.BK_banktab_overview_stepdefinition.click_on_double_arrows_in_edit_journal_page_and_verify_the_detail_boxes_are_opening_or_closing_bk(BK_banktab_overview_stepdefinition.java:73)
at ✽.Click on double arrows in edit bank page and verify the detail boxes are opening or closing BK(file:///C:/Users/user/Downloads/Bookkeeping_5.0%20(2)/Bookkeeping_5.0/Bookkeeping_5.0/src/test/resources/Feature_CapiumPurchase/BK_Bank_overview.feature:35)
]]>
            </full-stacktrace>
          </exception> <!-- org.openqa.selenium.NoSuchElementException -->
          <reporter-output>
          </reporter-output>
        </test-method> <!-- runScenario -->
        <test-method signature="runScenario(io.cucumber.testng.PickleWrapper,io.cucumber.testng.FeatureWrapper)[pri:0, instance:com.Capium.TestRunFiles.BK_bank_Overview_runner@445b295b]" started-at="2025-09-28T11:59:52 IST" name="runScenario" description="Runs Cucumber Scenarios" data-provider="scenarios" finished-at="2025-09-28T12:03:03 IST" duration-ms="191724" status="PASS">
          <params>
            <param index="0">
              <value>
                <![CDATA["verify search bar and reconcile icon in main grid BK"]]>
              </value>
            </param>
            <param index="1">
              <value>
                <![CDATA["Bank tab BK"]]>
              </value>
            </param>
          </params>
          <reporter-output>
          </reporter-output>
        </test-method> <!-- runScenario -->
        <test-method signature="runScenario(io.cucumber.testng.PickleWrapper,io.cucumber.testng.FeatureWrapper)[pri:0, instance:com.Capium.TestRunFiles.BK_bank_Overview_runner@445b295b]" started-at="2025-09-28T12:03:03 IST" name="runScenario" description="Runs Cucumber Scenarios" data-provider="scenarios" finished-at="2025-09-28T12:06:12 IST" duration-ms="188880" status="FAIL">
          <params>
            <param index="0">
              <value>
                <![CDATA["verify manual imported transaction BK"]]>
              </value>
            </param>
            <param index="1">
              <value>
                <![CDATA["Bank tab BK"]]>
              </value>
            </param>
          </params>
          <exception class="org.openqa.selenium.StaleElementReferenceException">
            <message>
              <![CDATA[stale element reference: stale element not found in the current frame
  (Session info: chrome=140.0.7339.128)
For documentation on this error, please visit: https://www.selenium.dev/documentation/webdriver/troubleshooting/errors#stale-element-reference-exception
Build info: version: '4.33.0', revision: '2c6aaad03a'
System info: os.name: 'Windows 11', os.arch: 'amd64', os.version: '10.0', java.version: '21.0.6'
Driver info: org.openqa.selenium.chrome.ChromeDriver
Command: [55df2ef1d37180919f958a8523f639b0, executeScript {args=[{element-6066-11e4-a52e-4f735466cecf=f.BB0A4914624BE77CB249017F16BE7739.d.11EDE7CA4BA580AE47C0D72BECAA608B.e.250}], script=arguments[0].click();}]
Capabilities {acceptInsecureCerts: false, browserName: chrome, browserVersion: 140.0.7339.128, chrome: {chromedriverVersion: 140.0.7339.207 (17230b545fd..., userDataDir: C:\Users\user\AppData\Local...}, fedcm:accounts: true, goog:chromeOptions: {debuggerAddress: localhost:63985}, networkConnectionEnabled: false, pageLoadStrategy: normal, platformName: windows, proxy: Proxy(), se:cdp: ws://localhost:63985/devtoo..., se:cdpVersion: 140.0.7339.128, setWindowRect: true, strictFileInteractability: false, timeouts: {implicit: 0, pageLoad: 300000, script: 30000}, unhandledPromptBehavior: dismiss and notify, webauthn:extension:credBlob: true, webauthn:extension:largeBlob: true, webauthn:extension:minPinLength: true, webauthn:extension:prf: true, webauthn:virtualAuthenticators: true}
Session ID: 55df2ef1d37180919f958a8523f639b0]]>
            </message>
            <full-stacktrace>
              <![CDATA[org.openqa.selenium.StaleElementReferenceException: stale element reference: stale element not found in the current frame
  (Session info: chrome=140.0.7339.128)
For documentation on this error, please visit: https://www.selenium.dev/documentation/webdriver/troubleshooting/errors#stale-element-reference-exception
Build info: version: '4.33.0', revision: '2c6aaad03a'
System info: os.name: 'Windows 11', os.arch: 'amd64', os.version: '10.0', java.version: '21.0.6'
Driver info: org.openqa.selenium.chrome.ChromeDriver
Command: [55df2ef1d37180919f958a8523f639b0, executeScript {args=[{element-6066-11e4-a52e-4f735466cecf=f.BB0A4914624BE77CB249017F16BE7739.d.11EDE7CA4BA580AE47C0D72BECAA608B.e.250}], script=arguments[0].click();}]
Capabilities {acceptInsecureCerts: false, browserName: chrome, browserVersion: 140.0.7339.128, chrome: {chromedriverVersion: 140.0.7339.207 (17230b545fd..., userDataDir: C:\Users\user\AppData\Local...}, fedcm:accounts: true, goog:chromeOptions: {debuggerAddress: localhost:63985}, networkConnectionEnabled: false, pageLoadStrategy: normal, platformName: windows, proxy: Proxy(), se:cdp: ws://localhost:63985/devtoo..., se:cdpVersion: 140.0.7339.128, setWindowRect: true, strictFileInteractability: false, timeouts: {implicit: 0, pageLoad: 300000, script: 30000}, unhandledPromptBehavior: dismiss and notify, webauthn:extension:credBlob: true, webauthn:extension:largeBlob: true, webauthn:extension:minPinLength: true, webauthn:extension:prf: true, webauthn:virtualAuthenticators: true}
Session ID: 55df2ef1d37180919f958a8523f639b0
at java.base/jdk.internal.reflect.DirectConstructorHandleAccessor.newInstance(DirectConstructorHandleAccessor.java:62)
at java.base/java.lang.reflect.Constructor.newInstanceWithCaller(Constructor.java:502)
at java.base/java.lang.reflect.Constructor.newInstance(Constructor.java:486)
at org.openqa.selenium.remote.ErrorCodec.decode(ErrorCodec.java:167)
at org.openqa.selenium.remote.codec.w3c.W3CHttpResponseCodec.decode(W3CHttpResponseCodec.java:138)
at org.openqa.selenium.remote.codec.w3c.W3CHttpResponseCodec.decode(W3CHttpResponseCodec.java:50)
at org.openqa.selenium.remote.HttpCommandExecutor.execute(HttpCommandExecutor.java:215)
at org.openqa.selenium.remote.service.DriverCommandExecutor.invokeExecute(DriverCommandExecutor.java:216)
at org.openqa.selenium.remote.service.DriverCommandExecutor.execute(DriverCommandExecutor.java:174)
at org.openqa.selenium.remote.RemoteWebDriver.execute(RemoteWebDriver.java:544)
at org.openqa.selenium.remote.RemoteWebDriver.executeScript(RemoteWebDriver.java:475)
at com.Capium.Utilies.HelperClass.ClickUsingJS(HelperClass.java:352)
at com.Capium.Actions.BK_bankTab_Overview_action.importthetransactionsBK(BK_bankTab_Overview_action.java:335)
at com.Capium.stepDefinations.BK_banktab_overview_stepdefinition.import_the_transactions_bk(BK_banktab_overview_stepdefinition.java:91)
at ✽.import the transactions BK(file:///C:/Users/user/Downloads/Bookkeeping_5.0%20(2)/Bookkeeping_5.0/Bookkeeping_5.0/src/test/resources/Feature_CapiumPurchase/BK_Bank_overview.feature:48)
]]>
            </full-stacktrace>
          </exception> <!-- org.openqa.selenium.StaleElementReferenceException -->
          <reporter-output>
          </reporter-output>
        </test-method> <!-- runScenario -->
        <test-method signature="runScenario(io.cucumber.testng.PickleWrapper,io.cucumber.testng.FeatureWrapper)[pri:0, instance:com.Capium.TestRunFiles.BK_bank_Overview_runner@445b295b]" started-at="2025-09-28T12:06:12 IST" name="runScenario" description="Runs Cucumber Scenarios" data-provider="scenarios" finished-at="2025-09-28T12:08:24 IST" duration-ms="131859" status="PASS">
          <params>
            <param index="0">
              <value>
                <![CDATA["verify the journal BK"]]>
              </value>
            </param>
            <param index="1">
              <value>
                <![CDATA["Bank tab BK"]]>
              </value>
            </param>
          </params>
          <reporter-output>
          </reporter-output>
        </test-method> <!-- runScenario -->
        <test-method signature="runScenario(io.cucumber.testng.PickleWrapper,io.cucumber.testng.FeatureWrapper)[pri:0, instance:com.Capium.TestRunFiles.BK_bank_Overview_runner@445b295b]" started-at="2025-09-28T12:08:24 IST" name="runScenario" description="Runs Cucumber Scenarios" data-provider="scenarios" finished-at="2025-09-28T12:11:31 IST" duration-ms="187124" status="FAIL">
          <params>
            <param index="0">
              <value>
                <![CDATA["verify the payment for payments BK"]]>
              </value>
            </param>
            <param index="1">
              <value>
                <![CDATA["Bank tab BK"]]>
              </value>
            </param>
          </params>
          <exception class="java.lang.AssertionError">
            <message>
              <![CDATA[Create payment page is not navigated]]>
            </message>
            <full-stacktrace>
              <![CDATA[java.lang.AssertionError: Create payment page is not navigated
at org.testng.Assert.fail(Assert.java:111)
at com.Capium.Actions.BK_bankTab_Overview_action.verifythepaymentforpaymentsBK(BK_bankTab_Overview_action.java:549)
at com.Capium.stepDefinations.BK_banktab_overview_stepdefinition.verify_the_payment_for_payments_bk(BK_banktab_overview_stepdefinition.java:169)
at ✽.verify the payment for payments BK(file:///C:/Users/user/Downloads/Bookkeeping_5.0%20(2)/Bookkeeping_5.0/Bookkeeping_5.0/src/test/resources/Feature_CapiumPurchase/BK_Bank_overview.feature:65)
]]>
            </full-stacktrace>
          </exception> <!-- java.lang.AssertionError -->
          <reporter-output>
          </reporter-output>
        </test-method> <!-- runScenario -->
        <test-method signature="runScenario(io.cucumber.testng.PickleWrapper,io.cucumber.testng.FeatureWrapper)[pri:0, instance:com.Capium.TestRunFiles.BK_bank_Overview_runner@445b295b]" started-at="2025-09-28T12:11:31 IST" name="runScenario" description="Runs Cucumber Scenarios" data-provider="scenarios" finished-at="2025-09-28T12:13:49 IST" duration-ms="137673" status="PASS">
          <params>
            <param index="0">
              <value>
                <![CDATA["verify the bank transfer BK"]]>
              </value>
            </param>
            <param index="1">
              <value>
                <![CDATA["Bank tab BK"]]>
              </value>
            </param>
          </params>
          <reporter-output>
          </reporter-output>
        </test-method> <!-- runScenario -->
        <test-method signature="runScenario(io.cucumber.testng.PickleWrapper,io.cucumber.testng.FeatureWrapper)[pri:0, instance:com.Capium.TestRunFiles.BK_bank_Overview_runner@445b295b]" started-at="2025-09-28T12:13:49 IST" name="runScenario" description="Runs Cucumber Scenarios" data-provider="scenarios" finished-at="2025-09-28T12:17:00 IST" duration-ms="191485" status="PASS">
          <params>
            <param index="0">
              <value>
                <![CDATA["verify the purchase for payments BK"]]>
              </value>
            </param>
            <param index="1">
              <value>
                <![CDATA["Bank tab BK"]]>
              </value>
            </param>
          </params>
          <reporter-output>
          </reporter-output>
        </test-method> <!-- runScenario -->
        <test-method signature="runScenario(io.cucumber.testng.PickleWrapper,io.cucumber.testng.FeatureWrapper)[pri:0, instance:com.Capium.TestRunFiles.BK_bank_Overview_runner@445b295b]" started-at="2025-09-28T12:17:00 IST" name="runScenario" description="Runs Cucumber Scenarios" data-provider="scenarios" finished-at="2025-09-28T12:20:18 IST" duration-ms="197207" status="PASS">
          <params>
            <param index="0">
              <value>
                <![CDATA["verify the multiple transaction for receipt and payment BK"]]>
              </value>
            </param>
            <param index="1">
              <value>
                <![CDATA["Bank tab BK"]]>
              </value>
            </param>
          </params>
          <reporter-output>
          </reporter-output>
        </test-method> <!-- runScenario -->
        <test-method signature="runScenario(io.cucumber.testng.PickleWrapper,io.cucumber.testng.FeatureWrapper)[pri:0, instance:com.Capium.TestRunFiles.BK_bank_Overview_runner@445b295b]" started-at="2025-09-28T12:20:18 IST" name="runScenario" description="Runs Cucumber Scenarios" data-provider="scenarios" finished-at="2025-09-28T12:23:50 IST" duration-ms="212815" status="PASS">
          <params>
            <param index="0">
              <value>
                <![CDATA["verify the multiple transaction for journal BK"]]>
              </value>
            </param>
            <param index="1">
              <value>
                <![CDATA["Bank tab BK"]]>
              </value>
            </param>
          </params>
          <reporter-output>
          </reporter-output>
        </test-method> <!-- runScenario -->
        <test-method signature="runScenario(io.cucumber.testng.PickleWrapper,io.cucumber.testng.FeatureWrapper)[pri:0, instance:com.Capium.TestRunFiles.BK_bank_Overview_runner@445b295b]" started-at="2025-09-28T12:23:50 IST" name="runScenario" description="Runs Cucumber Scenarios" data-provider="scenarios" finished-at="2025-09-28T12:26:24 IST" duration-ms="153452" status="FAIL">
          <params>
            <param index="0">
              <value>
                <![CDATA["verify the refund BK"]]>
              </value>
            </param>
            <param index="1">
              <value>
                <![CDATA["Bank tab BK"]]>
              </value>
            </param>
          </params>
          <exception class="java.lang.AssertionError">
            <message>
              <![CDATA[Refund popup is not opened]]>
            </message>
            <full-stacktrace>
              <![CDATA[java.lang.AssertionError: Refund popup is not opened
at org.testng.Assert.fail(Assert.java:111)
at com.Capium.Actions.BK_bankTab_Overview_action.ClickonrefundoptioninactiondropdownBK(BK_bankTab_Overview_action.java:1242)
at com.Capium.stepDefinations.BK_banktab_overview_stepdefinition.click_on_refund_option_in_action_dropdown_bk(BK_banktab_overview_stepdefinition.java:211)
at ✽.Click on refund option in action dropdown BK(file:///C:/Users/user/Downloads/Bookkeeping_5.0%20(2)/Bookkeeping_5.0/Bookkeeping_5.0/src/test/resources/Feature_CapiumPurchase/BK_Bank_overview.feature:93)
]]>
            </full-stacktrace>
          </exception> <!-- java.lang.AssertionError -->
          <reporter-output>
          </reporter-output>
        </test-method> <!-- runScenario -->
        <test-method signature="runScenario(io.cucumber.testng.PickleWrapper,io.cucumber.testng.FeatureWrapper)[pri:0, instance:com.Capium.TestRunFiles.BK_bank_Overview_runner@445b295b]" started-at="2025-09-28T12:26:24 IST" name="runScenario" description="Runs Cucumber Scenarios" data-provider="scenarios" finished-at="2025-09-28T12:28:53 IST" duration-ms="148763" status="FAIL">
          <params>
            <param index="0">
              <value>
                <![CDATA["verify the refund for credit note BK"]]>
              </value>
            </param>
            <param index="1">
              <value>
                <![CDATA["Bank tab BK"]]>
              </value>
            </param>
          </params>
          <exception class="java.lang.AssertionError">
            <message>
              <![CDATA[Refund popup is not opened]]>
            </message>
            <full-stacktrace>
              <![CDATA[java.lang.AssertionError: Refund popup is not opened
at org.testng.Assert.fail(Assert.java:111)
at com.Capium.Actions.BK_bankTab_Overview_action.ClickonrefundoptionforcreditnoteinactiondropdownBK(BK_bankTab_Overview_action.java:1290)
at com.Capium.stepDefinations.BK_banktab_overview_stepdefinition.click_on_refund_option_for_credit_note_in_action_dropdown_bk(BK_banktab_overview_stepdefinition.java:283)
at ✽.Click on refund option for credit note in action dropdown BK(file:///C:/Users/user/Downloads/Bookkeeping_5.0%20(2)/Bookkeeping_5.0/Bookkeeping_5.0/src/test/resources/Feature_CapiumPurchase/BK_Bank_overview.feature:99)
]]>
            </full-stacktrace>
          </exception> <!-- java.lang.AssertionError -->
          <reporter-output>
          </reporter-output>
        </test-method> <!-- runScenario -->
        <test-method signature="runScenario(io.cucumber.testng.PickleWrapper,io.cucumber.testng.FeatureWrapper)[pri:0, instance:com.Capium.TestRunFiles.BK_bank_Overview_runner@445b295b]" started-at="2025-09-28T12:28:53 IST" name="runScenario" description="Runs Cucumber Scenarios" data-provider="scenarios" finished-at="2025-09-28T12:31:55 IST" duration-ms="182575" status="PASS">
          <params>
            <param index="0">
              <value>
                <![CDATA["verify the invoice for receipts BK"]]>
              </value>
            </param>
            <param index="1">
              <value>
                <![CDATA["Bank tab BK"]]>
              </value>
            </param>
          </params>
          <reporter-output>
          </reporter-output>
        </test-method> <!-- runScenario -->
        <test-method signature="runScenario(io.cucumber.testng.PickleWrapper,io.cucumber.testng.FeatureWrapper)[pri:0, instance:com.Capium.TestRunFiles.BK_bank_Overview_runner@445b295b]" started-at="2025-09-28T12:31:55 IST" name="runScenario" description="Runs Cucumber Scenarios" data-provider="scenarios" finished-at="2025-09-28T12:34:46 IST" duration-ms="171294" status="PASS">
          <params>
            <param index="0">
              <value>
                <![CDATA["verify the receipts for receipts BK"]]>
              </value>
            </param>
            <param index="1">
              <value>
                <![CDATA["Bank tab BK"]]>
              </value>
            </param>
          </params>
          <reporter-output>
          </reporter-output>
        </test-method> <!-- runScenario -->
        <test-method signature="runScenario(io.cucumber.testng.PickleWrapper,io.cucumber.testng.FeatureWrapper)[pri:0, instance:com.Capium.TestRunFiles.BK_bank_Overview_runner@445b295b]" started-at="2025-09-28T12:34:46 IST" name="runScenario" description="Runs Cucumber Scenarios" data-provider="scenarios" finished-at="2025-09-28T12:39:09 IST" duration-ms="262420" status="PASS">
          <params>
            <param index="0">
              <value>
                <![CDATA["verify the period dropdown BK"]]>
              </value>
            </param>
            <param index="1">
              <value>
                <![CDATA["Bank tab BK"]]>
              </value>
            </param>
          </params>
          <reporter-output>
          </reporter-output>
        </test-method> <!-- runScenario -->
        <test-method signature="runScenario(io.cucumber.testng.PickleWrapper,io.cucumber.testng.FeatureWrapper)[pri:0, instance:com.Capium.TestRunFiles.BK_bank_Overview_runner@445b295b]" started-at="2025-09-28T12:39:09 IST" name="runScenario" description="Runs Cucumber Scenarios" data-provider="scenarios" finished-at="2025-09-28T12:42:27 IST" duration-ms="197954" status="FAIL">
          <params>
            <param index="0">
              <value>
                <![CDATA["Verify download and edit options in journal id in cash in hand BK"]]>
              </value>
            </param>
            <param index="1">
              <value>
                <![CDATA["Bank tab BK"]]>
              </value>
            </param>
          </params>
          <exception class="java.lang.AssertionError">
            <message>
              <![CDATA[Edit Journal page not opened]]>
            </message>
            <full-stacktrace>
              <![CDATA[java.lang.AssertionError: Edit Journal page not opened
at org.testng.Assert.fail(Assert.java:111)
at com.Capium.Actions.BK_bankTab_Overview_action.VerifydownloadandeditoptionsinjournalidincashinhandBK(BK_bankTab_Overview_action.java:1108)
at com.Capium.stepDefinations.BK_banktab_overview_stepdefinition.verify_download_and_edit_options_in_journal_id_in_cash_in_hand_bk(BK_banktab_overview_stepdefinition.java:247)
at ✽.Verify download and edit options in journal id in cash in hand BK(file:///C:/Users/user/Downloads/Bookkeeping_5.0%20(2)/Bookkeeping_5.0/Bookkeeping_5.0/src/test/resources/Feature_CapiumPurchase/BK_Bank_overview.feature:124)
]]>
            </full-stacktrace>
          </exception> <!-- java.lang.AssertionError -->
          <reporter-output>
          </reporter-output>
        </test-method> <!-- runScenario -->
        <test-method signature="runScenario(io.cucumber.testng.PickleWrapper,io.cucumber.testng.FeatureWrapper)[pri:0, instance:com.Capium.TestRunFiles.BK_bank_Overview_runner@445b295b]" started-at="2025-09-28T12:42:27 IST" name="runScenario" description="Runs Cucumber Scenarios" data-provider="scenarios" finished-at="2025-09-28T12:44:43 IST" duration-ms="135971" status="FAIL">
          <params>
            <param index="0">
              <value>
                <![CDATA["verify the bank transfer details through bank tranfer id in particular bank BK"]]>
              </value>
            </param>
            <param index="1">
              <value>
                <![CDATA["Bank tab BK"]]>
              </value>
            </param>
          </params>
          <exception class="org.openqa.selenium.NoSuchElementException">
            <message>
              <![CDATA[no such element: Unable to locate element: {"method":"xpath","selector":"//a[text()=' BNK - 1 ']"}
  (Session info: chrome=140.0.7339.128)
For documentation on this error, please visit: https://www.selenium.dev/documentation/webdriver/troubleshooting/errors#no-such-element-exception
Build info: version: '4.33.0', revision: '2c6aaad03a'
System info: os.name: 'Windows 11', os.arch: 'amd64', os.version: '10.0', java.version: '21.0.6'
Driver info: org.openqa.selenium.chrome.ChromeDriver
Command: [bc49a352d5d10b55a00ce2ff2c39ab37, findElement {using=xpath, value=//a[text()=' BNK - 1 ']}]
Capabilities {acceptInsecureCerts: false, browserName: chrome, browserVersion: 140.0.7339.128, chrome: {chromedriverVersion: 140.0.7339.207 (17230b545fd..., userDataDir: C:\Users\user\AppData\Local...}, fedcm:accounts: true, goog:chromeOptions: {debuggerAddress: localhost:51385}, networkConnectionEnabled: false, pageLoadStrategy: normal, platformName: windows, proxy: Proxy(), se:cdp: ws://localhost:51385/devtoo..., se:cdpVersion: 140.0.7339.128, setWindowRect: true, strictFileInteractability: false, timeouts: {implicit: 0, pageLoad: 300000, script: 30000}, unhandledPromptBehavior: dismiss and notify, webauthn:extension:credBlob: true, webauthn:extension:largeBlob: true, webauthn:extension:minPinLength: true, webauthn:extension:prf: true, webauthn:virtualAuthenticators: true}
Session ID: bc49a352d5d10b55a00ce2ff2c39ab37]]>
            </message>
            <full-stacktrace>
              <![CDATA[org.openqa.selenium.NoSuchElementException: no such element: Unable to locate element: {"method":"xpath","selector":"//a[text()=' BNK - 1 ']"}
  (Session info: chrome=140.0.7339.128)
For documentation on this error, please visit: https://www.selenium.dev/documentation/webdriver/troubleshooting/errors#no-such-element-exception
Build info: version: '4.33.0', revision: '2c6aaad03a'
System info: os.name: 'Windows 11', os.arch: 'amd64', os.version: '10.0', java.version: '21.0.6'
Driver info: org.openqa.selenium.chrome.ChromeDriver
Command: [bc49a352d5d10b55a00ce2ff2c39ab37, findElement {using=xpath, value=//a[text()=' BNK - 1 ']}]
Capabilities {acceptInsecureCerts: false, browserName: chrome, browserVersion: 140.0.7339.128, chrome: {chromedriverVersion: 140.0.7339.207 (17230b545fd..., userDataDir: C:\Users\user\AppData\Local...}, fedcm:accounts: true, goog:chromeOptions: {debuggerAddress: localhost:51385}, networkConnectionEnabled: false, pageLoadStrategy: normal, platformName: windows, proxy: Proxy(), se:cdp: ws://localhost:51385/devtoo..., se:cdpVersion: 140.0.7339.128, setWindowRect: true, strictFileInteractability: false, timeouts: {implicit: 0, pageLoad: 300000, script: 30000}, unhandledPromptBehavior: dismiss and notify, webauthn:extension:credBlob: true, webauthn:extension:largeBlob: true, webauthn:extension:minPinLength: true, webauthn:extension:prf: true, webauthn:virtualAuthenticators: true}
Session ID: bc49a352d5d10b55a00ce2ff2c39ab37
at java.base/jdk.internal.reflect.DirectConstructorHandleAccessor.newInstance(DirectConstructorHandleAccessor.java:62)
at java.base/java.lang.reflect.Constructor.newInstanceWithCaller(Constructor.java:502)
at java.base/java.lang.reflect.Constructor.newInstance(Constructor.java:486)
at org.openqa.selenium.remote.ErrorCodec.decode(ErrorCodec.java:167)
at org.openqa.selenium.remote.codec.w3c.W3CHttpResponseCodec.decode(W3CHttpResponseCodec.java:138)
at org.openqa.selenium.remote.codec.w3c.W3CHttpResponseCodec.decode(W3CHttpResponseCodec.java:50)
at org.openqa.selenium.remote.HttpCommandExecutor.execute(HttpCommandExecutor.java:215)
at org.openqa.selenium.remote.service.DriverCommandExecutor.invokeExecute(DriverCommandExecutor.java:216)
at org.openqa.selenium.remote.service.DriverCommandExecutor.execute(DriverCommandExecutor.java:174)
at org.openqa.selenium.remote.RemoteWebDriver.execute(RemoteWebDriver.java:544)
at org.openqa.selenium.remote.ElementLocation$ElementFinder$2.findElement(ElementLocation.java:165)
at org.openqa.selenium.remote.ElementLocation.findElement(ElementLocation.java:59)
at org.openqa.selenium.remote.RemoteWebDriver.findElement(RemoteWebDriver.java:367)
at org.openqa.selenium.remote.RemoteWebDriver.findElement(RemoteWebDriver.java:361)
at com.Capium.Utilies.HelperClass.ClickUsingJS(HelperClass.java:356)
at com.Capium.Actions.BK_bankTab_Overview_action.verifythebanktransferdetailsthroughbanktranferidinparticularbankBK(BK_bankTab_Overview_action.java:1132)
at com.Capium.stepDefinations.BK_banktab_overview_stepdefinition.verify_the_bank_transfer_details_through_bank_tranfer_id_in_particular_bank_bk(BK_banktab_overview_stepdefinition.java:259)
at ✽.verify the bank transfer details through bank tranfer id in particular bank BK(file:///C:/Users/user/Downloads/Bookkeeping_5.0%20(2)/Bookkeeping_5.0/Bookkeeping_5.0/src/test/resources/Feature_CapiumPurchase/BK_Bank_overview.feature:130)
]]>
            </full-stacktrace>
          </exception> <!-- org.openqa.selenium.NoSuchElementException -->
          <reporter-output>
          </reporter-output>
        </test-method> <!-- runScenario -->
        <test-method is-config="true" signature="tearDownClass()[pri:0, instance:com.Capium.TestRunFiles.BK_bank_Overview_runner@445b295b]" started-at="2025-09-28T12:44:43 IST" name="tearDownClass" finished-at="2025-09-28T12:44:44 IST" duration-ms="1183" status="PASS">
          <reporter-output>
          </reporter-output>
        </test-method> <!-- tearDownClass -->
      </class> <!-- com.Capium.TestRunFiles.BK_bank_Overview_runner -->
    </test> <!-- Default test -->
  </suite> <!-- Default suite -->
</testng-results>
