<?xml version="1.0" encoding="UTF-8"?>
<!-- Generated by org.testng.reporters.JUnitReportReporter -->
<testsuite hostname="DESKTOP-TAJ4I7G" failures="0" tests="14" name="com.Capium.TestRunFiles.BK_banktransfer_and_bankfeed_runner" time="1051.378" errors="3" timestamp="2025-09-22T16:02:33 IST" skipped="0">
  <testcase classname="com.Capium.TestRunFiles.BK_banktransfer_and_bankfeed_runner" name="runScenario" time="71.668"/>
  <testcase classname="com.Capium.TestRunFiles.BK_banktransfer_and_bankfeed_runner" name="runScenario" time="73.360"/>
  <testcase classname="com.Capium.TestRunFiles.BK_banktransfer_and_bankfeed_runner" name="runScenario" time="59.392">
    <error message="Cannot invoke &quot;org.openqa.selenium.support.ui.WebDriverWait.until(java.util.function.Function)&quot; because &quot;com.Capium.Utilies.HelperClass.wait&quot; is null" type="java.lang.NullPointerException">
      <![CDATA[java.lang.NullPointerException: Cannot invoke "org.openqa.selenium.support.ui.WebDriverWait.until(java.util.function.Function)" because "com.Capium.Utilies.HelperClass.wait" is null
at com.Capium.Utilies.HelperClass.waitUntilVisible(HelperClass.java:448)
at com.Capium.Utilies.HelperClass.scrollToElement(HelperClass.java:631)
at com.Capium.Actions.BK_bankTrasfer_and_bankfeeds_actions.clickonBankFeed(BK_bankTrasfer_and_bankfeeds_actions.java:173)
at com.Capium.stepDefinations.BK_bankfeeds_and_banktransfer_stepdefinition.ClickonBankFeed(BK_bankfeeds_and_banktransfer_stepdefinition.java:55)
at ✽.Click on BankFeed and Verify(file:///C:/Users/user/Downloads/Bookkeeping_5.0%20(2)/Bookkeeping_5.0/Bookkeeping_5.0/src/test/resources/Feature_CapiumPurchase/BK_banktransfer_and_bankfeeds.feature:78)
]]>
    </error>
  </testcase> <!-- runScenario -->
  <testcase classname="com.Capium.TestRunFiles.BK_banktransfer_and_bankfeed_runner" name="runScenario" time="77.982"/>
  <testcase classname="com.Capium.TestRunFiles.BK_banktransfer_and_bankfeed_runner" name="runScenario" time="80.089"/>
  <testcase classname="com.Capium.TestRunFiles.BK_banktransfer_and_bankfeed_runner" name="runScenario" time="75.795"/>
  <testcase classname="com.Capium.TestRunFiles.BK_banktransfer_and_bankfeed_runner" name="runScenario" time="65.000"/>
  <testcase classname="com.Capium.TestRunFiles.BK_banktransfer_and_bankfeed_runner" name="runScenario" time="62.309">
    <error message="Cannot invoke &quot;org.openqa.selenium.support.ui.WebDriverWait.until(java.util.function.Function)&quot; because &quot;com.Capium.Utilies.HelperClass.wait&quot; is null" type="java.lang.NullPointerException">
      <![CDATA[java.lang.NullPointerException: Cannot invoke "org.openqa.selenium.support.ui.WebDriverWait.until(java.util.function.Function)" because "com.Capium.Utilies.HelperClass.wait" is null
at com.Capium.Utilies.HelperClass.waitUntilVisible(HelperClass.java:448)
at com.Capium.Utilies.HelperClass.scrollToElement(HelperClass.java:631)
at com.Capium.Actions.BK_bankTrasfer_and_bankfeeds_actions.clickonBankFeed(BK_bankTrasfer_and_bankfeeds_actions.java:173)
at com.Capium.stepDefinations.BK_bankfeeds_and_banktransfer_stepdefinition.ClickonBankFeed(BK_bankfeeds_and_banktransfer_stepdefinition.java:55)
at ✽.Click on BankFeed and Verify(file:///C:/Users/user/Downloads/Bookkeeping_5.0%20(2)/Bookkeeping_5.0/Bookkeeping_5.0/src/test/resources/Feature_CapiumPurchase/BK_banktransfer_and_bankfeeds.feature:82)
]]>
    </error>
  </testcase> <!-- runScenario -->
  <testcase classname="com.Capium.TestRunFiles.BK_banktransfer_and_bankfeed_runner" name="runScenario" time="69.984"/>
  <testcase classname="com.Capium.TestRunFiles.BK_banktransfer_and_bankfeed_runner" name="runScenario" time="90.372"/>
  <testcase classname="com.Capium.TestRunFiles.BK_banktransfer_and_bankfeed_runner" name="runScenario" time="84.596"/>
  <testcase classname="com.Capium.TestRunFiles.BK_banktransfer_and_bankfeed_runner" name="runScenario" time="90.196"/>
  <testcase classname="com.Capium.TestRunFiles.BK_banktransfer_and_bankfeed_runner" name="runScenario" time="70.893"/>
  <testcase classname="com.Capium.TestRunFiles.BK_banktransfer_and_bankfeed_runner" name="runScenario" time="79.742">
    <error message="no such element: Unable to locate element: {&quot;method&quot;:&quot;xpath&quot;,&quot;selector&quot;:&quot;//input[@placeholder=&#039;Search&#039;]&quot;}
  (Session info: chrome=140.0.7339.128)
For documentation on this error, please visit: https://www.selenium.dev/documentation/webdriver/troubleshooting/errors#no-such-element-exception
Build info: version: &#039;4.33.0&#039;, revision: &#039;2c6aaad03a&#039;
System info: os.name: &#039;Windows 11&#039;, os.arch: &#039;amd64&#039;, os.version: &#039;10.0&#039;, java.version: &#039;21.0.6&#039;
Driver info: org.openqa.selenium.chrome.ChromeDriver
Command: [836f5edb770ef9e069661e4bab55de00, findElement {using=xpath, value=//input[@placeholder=&#039;Search&#039;]}]
Capabilities {acceptInsecureCerts: false, browserName: chrome, browserVersion: 140.0.7339.128, chrome: {chromedriverVersion: 140.0.7339.185 (eeea00e459e..., userDataDir: C:\Users\user\AppData\Local...}, fedcm:accounts: true, goog:chromeOptions: {debuggerAddress: localhost:50333}, networkConnectionEnabled: false, pageLoadStrategy: normal, platformName: windows, proxy: Proxy(), se:cdp: ws://localhost:50333/devtoo..., se:cdpVersion: 140.0.7339.128, setWindowRect: true, strictFileInteractability: false, timeouts: {implicit: 0, pageLoad: 300000, script: 30000}, unhandledPromptBehavior: dismiss and notify, webauthn:extension:credBlob: true, webauthn:extension:largeBlob: true, webauthn:extension:minPinLength: true, webauthn:extension:prf: true, webauthn:virtualAuthenticators: true}
Session ID: 836f5edb770ef9e069661e4bab55de00" type="org.openqa.selenium.NoSuchElementException">
      <![CDATA[org.openqa.selenium.NoSuchElementException: no such element: Unable to locate element: {"method":"xpath","selector":"//input[@placeholder='Search']"}
  (Session info: chrome=140.0.7339.128)
For documentation on this error, please visit: https://www.selenium.dev/documentation/webdriver/troubleshooting/errors#no-such-element-exception
Build info: version: '4.33.0', revision: '2c6aaad03a'
System info: os.name: 'Windows 11', os.arch: 'amd64', os.version: '10.0', java.version: '21.0.6'
Driver info: org.openqa.selenium.chrome.ChromeDriver
Command: [836f5edb770ef9e069661e4bab55de00, findElement {using=xpath, value=//input[@placeholder='Search']}]
Capabilities {acceptInsecureCerts: false, browserName: chrome, browserVersion: 140.0.7339.128, chrome: {chromedriverVersion: 140.0.7339.185 (eeea00e459e..., userDataDir: C:\Users\user\AppData\Local...}, fedcm:accounts: true, goog:chromeOptions: {debuggerAddress: localhost:50333}, networkConnectionEnabled: false, pageLoadStrategy: normal, platformName: windows, proxy: Proxy(), se:cdp: ws://localhost:50333/devtoo..., se:cdpVersion: 140.0.7339.128, setWindowRect: true, strictFileInteractability: false, timeouts: {implicit: 0, pageLoad: 300000, script: 30000}, unhandledPromptBehavior: dismiss and notify, webauthn:extension:credBlob: true, webauthn:extension:largeBlob: true, webauthn:extension:minPinLength: true, webauthn:extension:prf: true, webauthn:virtualAuthenticators: true}
Session ID: 836f5edb770ef9e069661e4bab55de00
at java.base/jdk.internal.reflect.DirectConstructorHandleAccessor.newInstance(DirectConstructorHandleAccessor.java:62)
at java.base/java.lang.reflect.Constructor.newInstanceWithCaller(Constructor.java:502)
at java.base/java.lang.reflect.Constructor.newInstance(Constructor.java:486)
at org.openqa.selenium.remote.ErrorCodec.decode(ErrorCodec.java:167)
at org.openqa.selenium.remote.codec.w3c.W3CHttpResponseCodec.decode(W3CHttpResponseCodec.java:138)
at org.openqa.selenium.remote.codec.w3c.W3CHttpResponseCodec.decode(W3CHttpResponseCodec.java:50)
at org.openqa.selenium.remote.HttpCommandExecutor.execute(HttpCommandExecutor.java:215)
at org.openqa.selenium.remote.service.DriverCommandExecutor.invokeExecute(DriverCommandExecutor.java:216)
at org.openqa.selenium.remote.service.DriverCommandExecutor.execute(DriverCommandExecutor.java:174)
at org.openqa.selenium.remote.RemoteWebDriver.execute(RemoteWebDriver.java:544)
at org.openqa.selenium.remote.ElementLocation$ElementFinder$2.findElement(ElementLocation.java:165)
at org.openqa.selenium.remote.ElementLocation.findElement(ElementLocation.java:59)
at org.openqa.selenium.remote.RemoteWebDriver.findElement(RemoteWebDriver.java:367)
at org.openqa.selenium.remote.RemoteWebDriver.findElement(RemoteWebDriver.java:361)
at org.openqa.selenium.support.pagefactory.DefaultElementLocator.findElement(DefaultElementLocator.java:68)
at org.openqa.selenium.support.pagefactory.internal.LocatingElementHandler.invoke(LocatingElementHandler.java:38)
at jdk.proxy2/jdk.proxy2.$Proxy34.sendKeys(Unknown Source)
at com.Capium.Actions.BK_bankTrasfer_and_bankfeeds_actions.VerifysearchiconandcrossmarkineditbanktransferpageBT(BK_bankTrasfer_and_bankfeeds_actions.java:387)
at com.Capium.stepDefinations.BK_bankfeeds_and_banktransfer_stepdefinition.verify_search_icon_and_cross_mark_in_edit_bank_transfer_page_bt(BK_bankfeeds_and_banktransfer_stepdefinition.java:114)
at ✽.Verify search icon and cross mark in edit bank transfer page BT(file:///C:/Users/user/Downloads/Bookkeeping_5.0%20(2)/Bookkeeping_5.0/Bookkeeping_5.0/src/test/resources/Feature_CapiumPurchase/BK_banktransfer_and_bankfeeds.feature:71)
]]>
    </error>
  </testcase> <!-- runScenario -->
</testsuite> <!-- com.Capium.TestRunFiles.BK_banktransfer_and_bankfeed_runner -->
